<?xml version="1.0" encoding="UTF-8"?>
<!-- Generated by org.testng.reporters.JUnitXMLReporter -->
<testsuite ignored="2" hostname="LAPTOP-4JQF6QAN" failures="1" tests="1" name="Test" time="4.662" errors="0" timestamp="2022-11-22T19:47:26 IST">
  <testcase classname="com.obsqura.TestNgSample.Sum" name="enterMsgVerify" time="0.14">
    <failure type="java.lang.AssertionError" message="not equals expected [Your Message :] but found [Your Message : Hello]">
      <![CDATA[java.lang.AssertionError: not equals expected [Your Message :] but found [Your Message : Hello]
at com.obsqura.TestNgSample.Sum.enterMsgVerify(Sum.java:56)
at java.base/java.util.ArrayList.forEach(ArrayList.java:1511)
... Removed 32 stack frames]]>
    </failure>
  </testcase> <!-- enterMsgVerify -->
  <testcase classname="com.obsqura.TestNgSample.Sum" name="sumOfNumbers" time="0.0">
    <ignored/>
  </testcase> <!-- sumOfNumbers -->
  <testcase classname="com.obsqura.TestNgSample.Sum" name="clearSample" time="0.0">
    <ignored/>
  </testcase> <!-- clearSample -->
</testsuite> <!-- Test -->
