<html>
<head>
<title>TestNG:  Test</title>
<link href="../testng.css" rel="stylesheet" type="text/css" />
<link href="../my-testng.css" rel="stylesheet" type="text/css" />

<style type="text/css">
.log { display: none;} 
.stack-trace { display: none;} 
</style>
<script type="text/javascript">
<!--
function flip(e) {
  current = e.style.display;
  if (current == 'block') {
    e.style.display = 'none';
    return 0;
  }
  else {
    e.style.display = 'block';
    return 1;
  }
}

function toggleBox(szDivId, elem, msg1, msg2)
{
  var res = -1;  if (document.getElementById) {
    res = flip(document.getElementById(szDivId));
  }
  else if (document.all) {
    // this is the way old msie versions work
    res = flip(document.all[szDivId]);
  }
  if(elem) {
    if(res == 0) elem.innerHTML = msg1; else elem.innerHTML = msg2;
  }

}

function toggleAllBoxes() {
  if (document.getElementsByTagName) {
    d = document.getElementsByTagName('div');
    for (i = 0; i < d.length; i++) {
      if (d[i].className == 'log') {
        flip(d[i]);
      }
    }
  }
}

// -->
</script>

</head>
<body>
<h2 align='center'>Test</h2><table border='1' align="center">
<tr>
<td>Tests passed/Failed/Skipped:</td><td>30/1/0</td>
</tr><tr>
<td>Started on:</td><td>Wed Feb 01 12:14:52 IST 2023</td>
</tr>
<tr><td>Total time:</td><td>186 seconds (186913 ms)</td>
</tr><tr>
<td>Included groups:</td><td></td>
</tr><tr>
<td>Excluded groups:</td><td></td>
</tr>
</table><p/>
<small><i>(Hover the method name to see the test class name)</i></small><p/>
<table width='100%' border='1' class='invocation-failed'>
<tr><td colspan='4' align='center'><b>FAILED TESTS</b></td></tr>
<tr><td><b>Test method</b></td>
<td width="30%"><b>Exception</b></td>
<td width="10%"><b>Time (seconds)</b></td>
<td><b>Instance</b></td>
</tr>
<tr>
<td title='com.obsqura.testScripts.ManageCategoryTest.verifySubcategoryAdd()'><b>verifySubcategoryAdd</b><br>Test class: com.obsqura.testScripts.ManageCategoryTest</td>
<td><div><pre>org.openqa.selenium.TimeoutException: Expected condition failed: waiting for visibility of Proxy element for: DefaultElementLocator &apos;By.xpath: //select[@id=&apos;un&apos;]//child::option[text()=&apos;Grocery &amp; Staples&apos;]&apos; (tried for 50 second(s) with 500 milliseconds interval)
	at org.openqa.selenium.support.ui.WebDriverWait.timeoutException(WebDriverWait.java:87)
	at org.openqa.selenium.support.ui.FluentWait.until(FluentWait.java:231)
	at com.obsqura.utilities.WaitUtility.waitForElement(WaitUtility.java:22)
	at com.obsqura.pages.ManageCategoryPage.newSubCategory(ManageCategoryPage.java:90)
	at com.obsqura.testScripts.ManageCategoryTest.verifySubcategoryAdd(ManageCategoryTest.java:29)
	at java.base/java.util.ArrayList.forEach(ArrayList.java:1511)
Caused by: org.openqa.selenium.NoSuchElementException: no such element: Unable to locate element: {&quot;method&quot;:&quot;xpath&quot;,&quot;selector&quot;:&quot;//select[@id=&apos;un&apos;]//child::option[text()=&apos;Grocery &amp; Staples&apos;]&quot;}
  (Session info: chrome=109.0.5414.120)
For documentation on this error, please visit: https://selenium.dev/exceptions/#no_such_element
Build info: version: &apos;4.4.0&apos;, revision: &apos;e5c75ed026a&apos;
System info: host: &apos;LAPTOP-4JQF6QAN&apos;, ip: &apos;172.20.10.3&apos;, os.name: &apos;Windows 11&apos;, os.arch: &apos;amd64&apos;, os.version: &apos;10.0&apos;, java.version: &apos;17.0.2&apos;
Driver info: org.openqa.selenium.chrome.ChromeDriver
Command: [37f9fc27738c6cfd29f50f0b896a2d70, findElement {using=xpath, value=//select[@id=&apos;un&apos;]//child::option[text()=&apos;Grocery &amp; Staples&apos;]}]
Capabilities {acceptInsecureCerts: false, browserName: chrome, browserVersion: 109.0.5414.120, chrome: {chromedriverVersion: 109.0.5414.74 (e7c5703604da..., userDataDir: C:\Users\Akhila\AppData\Loc...}, goog:chromeOptions: {debuggerAddress: localhost:57034}, networkConnectionEnabled: false, pageLoadStrategy: normal, platformName: WINDOWS, proxy: Proxy(), se:cdp: ws://localhost:57034/devtoo..., se:cdpVersion: 109.0.5414.120, setWindowRect: true, strictFileInteractability: false, timeouts: {implicit: 0, pageLoad: 300000, script: 30000}, unhandledPromptBehavior: dismiss and notify, webauthn:extension:credBlob: true, webauthn:extension:largeBlob: true, webauthn:virtualAuthenticators: true}
Session ID: 37f9fc27738c6cfd29f50f0b896a2d70
	at org.openqa.selenium.remote.codec.w3c.W3CHttpResponseCodec.createException(W3CHttpResponseCodec.java:200)
	at org.openqa.selenium.remote.codec.w3c.W3CHttpResponseCodec.decode(W3CHttpResponseCodec.java:133)
	at org.openqa.selenium.remote.codec.w3c.W3CHttpResponseCodec.decode(W3CHttpResponseCodec.java:53)
	at org.openqa.selenium.remote.HttpCommandExecutor.execute(HttpCommandExecutor.java:184)
	at org.openqa.selenium.remote.service.DriverCommandExecutor.invokeExecute(DriverCommandExecutor.java:167)
	at org.openqa.selenium.remote.service.DriverCommandExecutor.execute(DriverCommandExecutor.java:142)
	at org.openqa.selenium.remote.RemoteWebDriver.execute(RemoteWebDriver.java:547)
	at org.openqa.selenium.remote.ElementLocation$ElementFinder$2.findElement(ElementLocation.java:162)
	at org.openqa.selenium.remote.ElementLocation.findElement(ElementLocation.java:60)
	at org.openqa.selenium.remote.RemoteWebDriver.findElement(RemoteWebDriver.java:365)
	at org.openqa.selenium.remote.RemoteWebDriver.findElement(RemoteWebDriver.java:357)
	at org.openqa.selenium.support.pagefactory.DefaultElementLocator.findElement(DefaultElementLocator.java:70)
	at org.openqa.selenium.support.pagefactory.internal.LocatingElementHandler.invoke(LocatingElementHandler.java:39)
	at jdk.proxy2/jdk.proxy2.$Proxy21.isDisplayed(Unknown Source)
	at org.openqa.selenium.support.ui.ExpectedConditions.elementIfVisible(ExpectedConditions.java:307)
	at org.openqa.selenium.support.ui.ExpectedConditions.access$000(ExpectedConditions.java:40)
	at org.openqa.selenium.support.ui.ExpectedConditions$10.apply(ExpectedConditions.java:293)
	at org.openqa.selenium.support.ui.ExpectedConditions$10.apply(ExpectedConditions.java:290)
	at org.openqa.selenium.support.ui.FluentWait.until(FluentWait.java:208)
	... 31 more
... Removed 31 stack frames</pre></div><a href='#' onClick='toggleBox("stack-trace1901229214", this, "Click to show all stack frames", "Click to hide stack frames")'>Click to show all stack frames</a>
<div class='stack-trace' id='stack-trace1901229214'><pre>org.openqa.selenium.TimeoutException: Expected condition failed: waiting for visibility of Proxy element for: DefaultElementLocator &apos;By.xpath: //select[@id=&apos;un&apos;]//child::option[text()=&apos;Grocery &amp; Staples&apos;]&apos; (tried for 50 second(s) with 500 milliseconds interval)
	at org.openqa.selenium.support.ui.WebDriverWait.timeoutException(WebDriverWait.java:87)
	at org.openqa.selenium.support.ui.FluentWait.until(FluentWait.java:231)
	at com.obsqura.utilities.WaitUtility.waitForElement(WaitUtility.java:22)
	at com.obsqura.pages.ManageCategoryPage.newSubCategory(ManageCategoryPage.java:90)
	at com.obsqura.testScripts.ManageCategoryTest.verifySubcategoryAdd(ManageCategoryTest.java:29)
	at java.base/jdk.internal.reflect.NativeMethodAccessorImpl.invoke0(Native Method)
	at java.base/jdk.internal.reflect.NativeMethodAccessorImpl.invoke(NativeMethodAccessorImpl.java:77)
	at java.base/jdk.internal.reflect.DelegatingMethodAccessorImpl.invoke(DelegatingMethodAccessorImpl.java:43)
	at java.base/java.lang.reflect.Method.invoke(Method.java:568)
	at org.testng.internal.MethodInvocationHelper.invokeMethod(MethodInvocationHelper.java:133)
	at org.testng.internal.TestInvoker.invokeMethod(TestInvoker.java:598)
	at org.testng.internal.TestInvoker.invokeTestMethod(TestInvoker.java:173)
	at org.testng.internal.MethodRunner.runInSequence(MethodRunner.java:46)
	at org.testng.internal.TestInvoker$MethodInvocationAgent.invoke(TestInvoker.java:824)
	at org.testng.internal.TestInvoker.invokeTestMethods(TestInvoker.java:146)
	at org.testng.internal.TestMethodWorker.invokeTestMethods(TestMethodWorker.java:146)
	at org.testng.internal.TestMethodWorker.run(TestMethodWorker.java:128)
	at java.base/java.util.ArrayList.forEach(ArrayList.java:1511)
	at org.testng.TestRunner.privateRun(TestRunner.java:794)
	at org.testng.TestRunner.run(TestRunner.java:596)
	at org.testng.SuiteRunner.runTest(SuiteRunner.java:377)
	at org.testng.SuiteRunner.runSequentially(SuiteRunner.java:371)
	at org.testng.SuiteRunner.privateRun(SuiteRunner.java:332)
	at org.testng.SuiteRunner.run(SuiteRunner.java:276)
	at org.testng.SuiteRunnerWorker.runSuite(SuiteRunnerWorker.java:53)
	at org.testng.SuiteRunnerWorker.run(SuiteRunnerWorker.java:96)
	at org.testng.TestNG.runSuitesSequentially(TestNG.java:1212)
	at org.testng.TestNG.runSuitesLocally(TestNG.java:1134)
	at org.testng.TestNG.runSuites(TestNG.java:1063)
	at org.testng.TestNG.run(TestNG.java:1031)
	at org.testng.remote.AbstractRemoteTestNG.run(AbstractRemoteTestNG.java:115)
	at org.testng.remote.RemoteTestNG.initAndRun(RemoteTestNG.java:251)
	at org.testng.remote.RemoteTestNG.main(RemoteTestNG.java:77)
Caused by: org.openqa.selenium.NoSuchElementException: no such element: Unable to locate element: {&quot;method&quot;:&quot;xpath&quot;,&quot;selector&quot;:&quot;//select[@id=&apos;un&apos;]//child::option[text()=&apos;Grocery &amp; Staples&apos;]&quot;}
  (Session info: chrome=109.0.5414.120)
For documentation on this error, please visit: https://selenium.dev/exceptions/#no_such_element
Build info: version: &apos;4.4.0&apos;, revision: &apos;e5c75ed026a&apos;
System info: host: &apos;LAPTOP-4JQF6QAN&apos;, ip: &apos;172.20.10.3&apos;, os.name: &apos;Windows 11&apos;, os.arch: &apos;amd64&apos;, os.version: &apos;10.0&apos;, java.version: &apos;17.0.2&apos;
Driver info: org.openqa.selenium.chrome.ChromeDriver
Command: [37f9fc27738c6cfd29f50f0b896a2d70, findElement {using=xpath, value=//select[@id=&apos;un&apos;]//child::option[text()=&apos;Grocery &amp; Staples&apos;]}]
Capabilities {acceptInsecureCerts: false, browserName: chrome, browserVersion: 109.0.5414.120, chrome: {chromedriverVersion: 109.0.5414.74 (e7c5703604da..., userDataDir: C:\Users\Akhila\AppData\Loc...}, goog:chromeOptions: {debuggerAddress: localhost:57034}, networkConnectionEnabled: false, pageLoadStrategy: normal, platformName: WINDOWS, proxy: Proxy(), se:cdp: ws://localhost:57034/devtoo..., se:cdpVersion: 109.0.5414.120, setWindowRect: true, strictFileInteractability: false, timeouts: {implicit: 0, pageLoad: 300000, script: 30000}, unhandledPromptBehavior: dismiss and notify, webauthn:extension:credBlob: true, webauthn:extension:largeBlob: true, webauthn:virtualAuthenticators: true}
Session ID: 37f9fc27738c6cfd29f50f0b896a2d70
	at jdk.internal.reflect.GeneratedConstructorAccessor77.newInstance(Unknown Source)
	at java.base/jdk.internal.reflect.DelegatingConstructorAccessorImpl.newInstance(DelegatingConstructorAccessorImpl.java:45)
	at java.base/java.lang.reflect.Constructor.newInstanceWithCaller(Constructor.java:499)
	at java.base/java.lang.reflect.Constructor.newInstance(Constructor.java:480)
	at org.openqa.selenium.remote.codec.w3c.W3CHttpResponseCodec.createException(W3CHttpResponseCodec.java:200)
	at org.openqa.selenium.remote.codec.w3c.W3CHttpResponseCodec.decode(W3CHttpResponseCodec.java:133)
	at org.openqa.selenium.remote.codec.w3c.W3CHttpResponseCodec.decode(W3CHttpResponseCodec.java:53)
	at org.openqa.selenium.remote.HttpCommandExecutor.execute(HttpCommandExecutor.java:184)
	at org.openqa.selenium.remote.service.DriverCommandExecutor.invokeExecute(DriverCommandExecutor.java:167)
	at org.openqa.selenium.remote.service.DriverCommandExecutor.execute(DriverCommandExecutor.java:142)
	at org.openqa.selenium.remote.RemoteWebDriver.execute(RemoteWebDriver.java:547)
	at org.openqa.selenium.remote.ElementLocation$ElementFinder$2.findElement(ElementLocation.java:162)
	at org.openqa.selenium.remote.ElementLocation.findElement(ElementLocation.java:60)
	at org.openqa.selenium.remote.RemoteWebDriver.findElement(RemoteWebDriver.java:365)
	at org.openqa.selenium.remote.RemoteWebDriver.findElement(RemoteWebDriver.java:357)
	at org.openqa.selenium.support.pagefactory.DefaultElementLocator.findElement(DefaultElementLocator.java:70)
	at org.openqa.selenium.support.pagefactory.internal.LocatingElementHandler.invoke(LocatingElementHandler.java:39)
	at jdk.proxy2/jdk.proxy2.$Proxy21.isDisplayed(Unknown Source)
	at org.openqa.selenium.support.ui.ExpectedConditions.elementIfVisible(ExpectedConditions.java:307)
	at org.openqa.selenium.support.ui.ExpectedConditions.access$000(ExpectedConditions.java:40)
	at org.openqa.selenium.support.ui.ExpectedConditions$10.apply(ExpectedConditions.java:293)
	at org.openqa.selenium.support.ui.ExpectedConditions$10.apply(ExpectedConditions.java:290)
	at org.openqa.selenium.support.ui.FluentWait.until(FluentWait.java:208)
	... 31 more
</pre></div></td>
<td>52</td>
<td>com.obsqura.testScripts.ManageCategoryTest@7ae42ce3</td></tr>
</table><p>
<table width='100%' border='1' class='invocation-passed'>
<tr><td colspan='4' align='center'><b>PASSED TESTS</b></td></tr>
<tr><td><b>Test method</b></td>
<td width="30%"><b>Exception</b></td>
<td width="10%"><b>Time (seconds)</b></td>
<td><b>Instance</b></td>
</tr>
<tr>
<td title='com.obsqura.testScripts.HomePageTest.homeBgColorValidationTest()'><b>homeBgColorValidationTest</b><br>Test class: com.obsqura.testScripts.HomePageTest</td>
<td></td>
<td>0</td>
<td>com.obsqura.testScripts.HomePageTest@77128536</td></tr>
<tr>
<td title='com.obsqura.testScripts.ManageDeliveryBoyTest.VerifyCreateNewDeliveryBoy()'><b>VerifyCreateNewDeliveryBoy</b><br>Test class: com.obsqura.testScripts.ManageDeliveryBoyTest<br>Parameters: John Samuel, john123@gmail.com, 556485226</td>
<td></td>
<td>2</td>
<td>com.obsqura.testScripts.ManageDeliveryBoyTest@5a755cc1</td></tr>
<tr>
<td title='com.obsqura.testScripts.LoginTest.invalidLogin()'><b>invalidLogin</b><br>Test class: com.obsqura.testScripts.LoginTest</td>
<td></td>
<td>1</td>
<td>com.obsqura.testScripts.LoginTest@3d9c13b5</td></tr>
<tr>
<td title='com.obsqura.testScripts.ManageDeliveryBoyTest.VerifyCreateNewDeliveryBoy()'><b>VerifyCreateNewDeliveryBoy</b><br>Test class: com.obsqura.testScripts.ManageDeliveryBoyTest<br>Parameters: John , jo123@gmail.com, 556485226</td>
<td></td>
<td>2</td>
<td>com.obsqura.testScripts.ManageDeliveryBoyTest@5a755cc1</td></tr>
<tr>
<td title='com.obsqura.testScripts.ManageCategoryTest.verifyreset()'><b>verifyreset</b><br>Test class: com.obsqura.testScripts.ManageCategoryTest</td>
<td></td>
<td>1</td>
<td>com.obsqura.testScripts.ManageCategoryTest@7ae42ce3</td></tr>
<tr>
<td title='com.obsqura.testScripts.PushNotificationTest.pushNotificationResetTest()'><b>pushNotificationResetTest</b><br>Test class: com.obsqura.testScripts.PushNotificationTest</td>
<td></td>
<td>1</td>
<td>com.obsqura.testScripts.PushNotificationTest@598bd2ba</td></tr>
<tr>
<td title='com.obsqura.testScripts.LoginTest.validLogin()'><b>validLogin</b><br>Test class: com.obsqura.testScripts.LoginTest</td>
<td></td>
<td>1</td>
<td>com.obsqura.testScripts.LoginTest@3d9c13b5</td></tr>
<tr>
<td title='com.obsqura.testScripts.ManageSliderTest.verfyTitleTest()'><b>verfyTitleTest</b><br>Test class: com.obsqura.testScripts.ManageSliderTest</td>
<td></td>
<td>1</td>
<td>com.obsqura.testScripts.ManageSliderTest@64bce832</td></tr>
<tr>
<td title='com.obsqura.testScripts.ManageUserTest.verifyManageUserTest()'><b>verifyManageUserTest</b><br>Test class: com.obsqura.testScripts.ManageUserTest</td>
<td></td>
<td>1</td>
<td>com.obsqura.testScripts.ManageUserTest@6ce86ce1</td></tr>
<tr>
<td title='com.obsqura.testScripts.ManageSliderTest.addNewSliderTest()'><b>addNewSliderTest</b><br>Test class: com.obsqura.testScripts.ManageSliderTest</td>
<td></td>
<td>3</td>
<td>com.obsqura.testScripts.ManageSliderTest@64bce832</td></tr>
<tr>
<td title='com.obsqura.testScripts.HomePageTest.clickManageSlideTest()'><b>clickManageSlideTest</b><br>Test class: com.obsqura.testScripts.HomePageTest</td>
<td></td>
<td>1</td>
<td>com.obsqura.testScripts.HomePageTest@77128536</td></tr>
<tr>
<td title='com.obsqura.testScripts.SettingsTest.settingsLogout()'><b>settingsLogout</b><br>Test class: com.obsqura.testScripts.SettingsTest</td>
<td></td>
<td>1</td>
<td>com.obsqura.testScripts.SettingsTest@58326051</td></tr>
<tr>
<td title='com.obsqura.testScripts.ManageLocationTest.ManageLocTest()'><b>ManageLocTest</b><br>Test class: com.obsqura.testScripts.ManageLocationTest</td>
<td></td>
<td>2</td>
<td>com.obsqura.testScripts.ManageLocationTest@4c1f22f3</td></tr>
<tr>
<td title='com.obsqura.testScripts.HomePageTest.clickManageUserTest()'><b>clickManageUserTest</b><br>Test class: com.obsqura.testScripts.HomePageTest</td>
<td></td>
<td>1</td>
<td>com.obsqura.testScripts.HomePageTest@77128536</td></tr>
<tr>
<td title='com.obsqura.testScripts.HomePageTest.manageUsersTextValidationTest()'><b>manageUsersTextValidationTest</b><br>Test class: com.obsqura.testScripts.HomePageTest</td>
<td></td>
<td>0</td>
<td>com.obsqura.testScripts.HomePageTest@77128536</td></tr>
<tr>
<td title='com.obsqura.testScripts.ManageDeliveryBoyTest.VerifyCreateNewDeliveryBoy()'><b>VerifyCreateNewDeliveryBoy</b><br>Test class: com.obsqura.testScripts.ManageDeliveryBoyTest<br>Parameters: Samuel, Samuel@gmail.com, 556485226</td>
<td></td>
<td>2</td>
<td>com.obsqura.testScripts.ManageDeliveryBoyTest@5a755cc1</td></tr>
<tr>
<td title='com.obsqura.testScripts.MobileSliderTest.verifyStatus()'><b>verifyStatus</b><br>Test class: com.obsqura.testScripts.MobileSliderTest</td>
<td></td>
<td>2</td>
<td>com.obsqura.testScripts.MobileSliderTest@39de3d36</td></tr>
<tr>
<td title='com.obsqura.testScripts.PushNotificationTest.pushNotificationTest()'><b>pushNotificationTest</b><br>Test class: com.obsqura.testScripts.PushNotificationTest</td>
<td></td>
<td>2</td>
<td>com.obsqura.testScripts.PushNotificationTest@598bd2ba</td></tr>
<tr>
<td title='com.obsqura.testScripts.ManageExpenseTest.manageExpenseTestNew()'><b>manageExpenseTestNew</b><br>Test class: com.obsqura.testScripts.ManageExpenseTest</td>
<td></td>
<td>2</td>
<td>com.obsqura.testScripts.ManageExpenseTest@32c4e8b2</td></tr>
<tr>
<td title='com.obsqura.testScripts.PushNotificationTest.pushNotificationLogoutTest()'><b>pushNotificationLogoutTest</b><br>Test class: com.obsqura.testScripts.PushNotificationTest</td>
<td></td>
<td>1</td>
<td>com.obsqura.testScripts.PushNotificationTest@598bd2ba</td></tr>
<tr>
<td title='com.obsqura.testScripts.ManageProductTest.ManageProductTestMethod()'><b>ManageProductTestMethod</b><br>Test class: com.obsqura.testScripts.ManageProductTest</td>
<td></td>
<td>0</td>
<td>com.obsqura.testScripts.ManageProductTest@764faa6</td></tr>
<tr>
<td title='com.obsqura.testScripts.ManageDeliveryBoyTest.verifyAddDeliveryBoyTest()'><b>verifyAddDeliveryBoyTest</b><br>Test class: com.obsqura.testScripts.ManageDeliveryBoyTest</td>
<td></td>
<td>1</td>
<td>com.obsqura.testScripts.ManageDeliveryBoyTest@5a755cc1</td></tr>
<tr>
<td title='com.obsqura.testScripts.ManageUserTest.verifyManageUserPswTest()'><b>verifyManageUserPswTest</b><br>Test class: com.obsqura.testScripts.ManageUserTest</td>
<td></td>
<td>1</td>
<td>com.obsqura.testScripts.ManageUserTest@6ce86ce1</td></tr>
<tr>
<td title='com.obsqura.testScripts.ManageExpenseTest.manageExpenseTestMethod()'><b>manageExpenseTestMethod</b><br>Test class: com.obsqura.testScripts.ManageExpenseTest</td>
<td></td>
<td>1</td>
<td>com.obsqura.testScripts.ManageExpenseTest@32c4e8b2</td></tr>
<tr>
<td title='com.obsqura.testScripts.HomePageTest.clickManageLocationTest()'><b>clickManageLocationTest</b><br>Test class: com.obsqura.testScripts.HomePageTest</td>
<td></td>
<td>1</td>
<td>com.obsqura.testScripts.HomePageTest@77128536</td></tr>
<tr>
<td title='com.obsqura.testScripts.ManageDeliveryBoyTest.verifyDeliveryboyPsw()'><b>verifyDeliveryboyPsw</b><br>Test class: com.obsqura.testScripts.ManageDeliveryBoyTest</td>
<td></td>
<td>3</td>
<td>com.obsqura.testScripts.ManageDeliveryBoyTest@5a755cc1</td></tr>
<tr>
<td title='com.obsqura.testScripts.ManageCategoryTest.verifySubCategorySearch()'><b>verifySubCategorySearch</b><br>Test class: com.obsqura.testScripts.ManageCategoryTest</td>
<td></td>
<td>1</td>
<td>com.obsqura.testScripts.ManageCategoryTest@7ae42ce3</td></tr>
<tr>
<td title='com.obsqura.testScripts.HomePageTest.manageExpenseTextValidationTest()'><b>manageExpenseTextValidationTest</b><br>Test class: com.obsqura.testScripts.HomePageTest</td>
<td></td>
<td>0</td>
<td>com.obsqura.testScripts.HomePageTest@77128536</td></tr>
<tr>
<td title='com.obsqura.testScripts.MobileSliderTest.verifySlideInformationEntry()'><b>verifySlideInformationEntry</b><br>Test class: com.obsqura.testScripts.MobileSliderTest</td>
<td></td>
<td>3</td>
<td>com.obsqura.testScripts.MobileSliderTest@39de3d36</td></tr>
<tr>
<td title='com.obsqura.testScripts.ManageDeliveryBoyTest.verifyDeliveryboynameSearch()'><b>verifyDeliveryboynameSearch</b><br>Test class: com.obsqura.testScripts.ManageDeliveryBoyTest</td>
<td></td>
<td>1</td>
<td>com.obsqura.testScripts.ManageDeliveryBoyTest@5a755cc1</td></tr>
</table><p>
</body>
</html>