<?xml version="1.0" encoding="UTF-8"?>
<!-- Generated by org.testng.reporters.JUnitXMLReporter -->
<testsuite ignored="0" hostname="LAPTOP-4JQF6QAN" failures="1" tests="31" name="Test" time="186.913" errors="0" timestamp="2023-02-01T12:17:59 IST">
  <testcase classname="com.obsqura.testScripts.LoginTest" name="invalidLogin" time="1.248"/>
  <testcase classname="com.obsqura.testScripts.LoginTest" name="validLogin" time="1.679"/>
  <testcase classname="com.obsqura.testScripts.MobileSliderTest" name="verifySlideInformationEntry" time="3.792"/>
  <testcase classname="com.obsqura.testScripts.MobileSliderTest" name="verifyStatus" time="2.007"/>
  <testcase classname="com.obsqura.testScripts.ManageUserTest" name="verifyManageUserPswTest" time="1.707"/>
  <testcase classname="com.obsqura.testScripts.ManageUserTest" name="verifyManageUserTest" time="1.385"/>
  <testcase classname="com.obsqura.testScripts.HomePageTest" name="clickManageLocationTest" time="1.378"/>
  <testcase classname="com.obsqura.testScripts.HomePageTest" name="clickManageSlideTest" time="1.555"/>
  <testcase classname="com.obsqura.testScripts.HomePageTest" name="clickManageUserTest" time="1.325"/>
  <testcase classname="com.obsqura.testScripts.HomePageTest" name="manageExpenseTextValidationTest" time="0.814"/>
  <testcase classname="com.obsqura.testScripts.HomePageTest" name="homeBgColorValidationTest" time="0.838"/>
  <testcase classname="com.obsqura.testScripts.HomePageTest" name="manageUsersTextValidationTest" time="0.84"/>
  <testcase classname="com.obsqura.testScripts.SettingsTest" name="settingsLogout" time="1.388"/>
  <testcase classname="com.obsqura.testScripts.ManageExpenseTest" name="manageExpenseTestMethod" time="1.929"/>
  <testcase classname="com.obsqura.testScripts.ManageExpenseTest" name="manageExpenseTestNew" time="2.288"/>
  <testcase classname="com.obsqura.testScripts.ManageSliderTest" name="addNewSliderTest" time="3.034"/>
  <testcase classname="com.obsqura.testScripts.ManageSliderTest" name="verfyTitleTest" time="1.592"/>
  <testcase classname="com.obsqura.testScripts.ManageProductTest" name="ManageProductTestMethod" time="0.952"/>
  <testcase classname="com.obsqura.testScripts.ManageLocationTest" name="ManageLocTest" time="2.18"/>
  <testcase classname="com.obsqura.testScripts.PushNotificationTest" name="pushNotificationLogoutTest" time="1.135"/>
  <testcase classname="com.obsqura.testScripts.PushNotificationTest" name="pushNotificationResetTest" time="1.632"/>
  <testcase classname="com.obsqura.testScripts.PushNotificationTest" name="pushNotificationTest" time="2.094"/>
  <testcase classname="com.obsqura.testScripts.ManageDeliveryBoyTest" name="VerifyCreateNewDeliveryBoy" time="2.69"/>
  <testcase classname="com.obsqura.testScripts.ManageDeliveryBoyTest" name="VerifyCreateNewDeliveryBoy" time="2.515"/>
  <testcase classname="com.obsqura.testScripts.ManageDeliveryBoyTest" name="VerifyCreateNewDeliveryBoy" time="2.498"/>
  <testcase classname="com.obsqura.testScripts.ManageDeliveryBoyTest" name="verifyAddDeliveryBoyTest" time="1.334"/>
  <testcase classname="com.obsqura.testScripts.ManageDeliveryBoyTest" name="verifyDeliveryboyPsw" time="3.112"/>
  <testcase classname="com.obsqura.testScripts.ManageDeliveryBoyTest" name="verifyDeliveryboynameSearch" time="1.729"/>
  <testcase classname="com.obsqura.testScripts.ManageCategoryTest" name="verifySubCategorySearch" time="1.807"/>
  <testcase classname="com.obsqura.testScripts.ManageCategoryTest" name="verifySubcategoryAdd" time="52.258">
    <failure type="org.openqa.selenium.TimeoutException" message="Expected condition failed: waiting for visibility of Proxy element for: DefaultElementLocator &amp;apos;By.xpath: //select[@id=&amp;apos;un&amp;apos;]//child::option[text()=&amp;apos;Grocery &amp;amp; Staples&amp;apos;]&amp;apos; (tried for 50 second(s) with 500 milliseconds interval)">
      <![CDATA[org.openqa.selenium.TimeoutException: Expected condition failed: waiting for visibility of Proxy element for: DefaultElementLocator 'By.xpath: //select[@id='un']//child::option[text()='Grocery & Staples']' (tried for 50 second(s) with 500 milliseconds interval)
at org.openqa.selenium.support.ui.WebDriverWait.timeoutException(WebDriverWait.java:87)
at org.openqa.selenium.support.ui.FluentWait.until(FluentWait.java:231)
at com.obsqura.utilities.WaitUtility.waitForElement(WaitUtility.java:22)
at com.obsqura.pages.ManageCategoryPage.newSubCategory(ManageCategoryPage.java:90)
at com.obsqura.testScripts.ManageCategoryTest.verifySubcategoryAdd(ManageCategoryTest.java:29)
at java.base/java.util.ArrayList.forEach(ArrayList.java:1511)
Caused by: org.openqa.selenium.NoSuchElementException: no such element: Unable to locate element: {"method":"xpath","selector":"//select[@id='un']//child::option[text()='Grocery & Staples']"}
  (Session info: chrome=109.0.5414.120)
For documentation on this error, please visit: https://selenium.dev/exceptions/#no_such_element
Build info: version: '4.4.0', revision: 'e5c75ed026a'
System info: host: 'LAPTOP-4JQF6QAN', ip: '172.20.10.3', os.name: 'Windows 11', os.arch: 'amd64', os.version: '10.0', java.version: '17.0.2'
Driver info: org.openqa.selenium.chrome.ChromeDriver
Command: [37f9fc27738c6cfd29f50f0b896a2d70, findElement {using=xpath, value=//select[@id='un']//child::option[text()='Grocery & Staples']}]
Capabilities {acceptInsecureCerts: false, browserName: chrome, browserVersion: 109.0.5414.120, chrome: {chromedriverVersion: 109.0.5414.74 (e7c5703604da..., userDataDir: C:\Users\Akhila\AppData\Loc...}, goog:chromeOptions: {debuggerAddress: localhost:57034}, networkConnectionEnabled: false, pageLoadStrategy: normal, platformName: WINDOWS, proxy: Proxy(), se:cdp: ws://localhost:57034/devtoo..., se:cdpVersion: 109.0.5414.120, setWindowRect: true, strictFileInteractability: false, timeouts: {implicit: 0, pageLoad: 300000, script: 30000}, unhandledPromptBehavior: dismiss and notify, webauthn:extension:credBlob: true, webauthn:extension:largeBlob: true, webauthn:virtualAuthenticators: true}
Session ID: 37f9fc27738c6cfd29f50f0b896a2d70
at org.openqa.selenium.remote.codec.w3c.W3CHttpResponseCodec.createException(W3CHttpResponseCodec.java:200)
at org.openqa.selenium.remote.codec.w3c.W3CHttpResponseCodec.decode(W3CHttpResponseCodec.java:133)
at org.openqa.selenium.remote.codec.w3c.W3CHttpResponseCodec.decode(W3CHttpResponseCodec.java:53)
at org.openqa.selenium.remote.HttpCommandExecutor.execute(HttpCommandExecutor.java:184)
at org.openqa.selenium.remote.service.DriverCommandExecutor.invokeExecute(DriverCommandExecutor.java:167)
at org.openqa.selenium.remote.service.DriverCommandExecutor.execute(DriverCommandExecutor.java:142)
at org.openqa.selenium.remote.RemoteWebDriver.execute(RemoteWebDriver.java:547)
at org.openqa.selenium.remote.ElementLocation$ElementFinder$2.findElement(ElementLocation.java:162)
at org.openqa.selenium.remote.ElementLocation.findElement(ElementLocation.java:60)
at org.openqa.selenium.remote.RemoteWebDriver.findElement(RemoteWebDriver.java:365)
at org.openqa.selenium.remote.RemoteWebDriver.findElement(RemoteWebDriver.java:357)
at org.openqa.selenium.support.pagefactory.DefaultElementLocator.findElement(DefaultElementLocator.java:70)
at org.openqa.selenium.support.pagefactory.internal.LocatingElementHandler.invoke(LocatingElementHandler.java:39)
at jdk.proxy2/jdk.proxy2.$Proxy21.isDisplayed(Unknown Source)
at org.openqa.selenium.support.ui.ExpectedConditions.elementIfVisible(ExpectedConditions.java:307)
at org.openqa.selenium.support.ui.ExpectedConditions.access$000(ExpectedConditions.java:40)
at org.openqa.selenium.support.ui.ExpectedConditions$10.apply(ExpectedConditions.java:293)
at org.openqa.selenium.support.ui.ExpectedConditions$10.apply(ExpectedConditions.java:290)
at org.openqa.selenium.support.ui.FluentWait.until(FluentWait.java:208)
... 31 more
... Removed 31 stack frames]]>
    </failure>
  </testcase> <!-- verifySubcategoryAdd -->
  <testcase classname="com.obsqura.testScripts.ManageCategoryTest" name="verifyreset" time="1.612"/>
</testsuite> <!-- Test -->
