<?xml version="1.0" encoding="UTF-8"?>
<testng-results ignored="0" total="31" passed="30" failed="1" skipped="0">
  <reporter-output>
  </reporter-output>
  <suite started-at="2023-02-01T12:14:52 IST" name="Suite" finished-at="2023-02-01T12:17:59 IST" duration-ms="186913">
    <groups>
      <group name="SmokeTest">
        <method signature="ManageSliderTest.verfyTitleTest()[pri:0, instance:com.obsqura.testScripts.ManageSliderTest@64bce832]" name="verfyTitleTest" class="com.obsqura.testScripts.ManageSliderTest"/>
        <method signature="MobileSliderTest.verifySlideInformationEntry()[pri:0, instance:com.obsqura.testScripts.MobileSliderTest@39de3d36]" name="verifySlideInformationEntry" class="com.obsqura.testScripts.MobileSliderTest"/>
        <method signature="MobileSliderTest.verifyStatus()[pri:0, instance:com.obsqura.testScripts.MobileSliderTest@39de3d36]" name="verifyStatus" class="com.obsqura.testScripts.MobileSliderTest"/>
      </group> <!-- SmokeTest -->
      <group name="RegressionTest">
        <method signature="HomePageTest.homeBgColorValidationTest()[pri:2, instance:com.obsqura.testScripts.HomePageTest@77128536]" name="homeBgColorValidationTest" class="com.obsqura.testScripts.HomePageTest"/>
        <method signature="HomePageTest.manageExpenseTextValidationTest()[pri:1, instance:com.obsqura.testScripts.HomePageTest@77128536]" name="manageExpenseTextValidationTest" class="com.obsqura.testScripts.HomePageTest"/>
        <method signature="HomePageTest.manageUsersTextValidationTest()[pri:3, instance:com.obsqura.testScripts.HomePageTest@77128536]" name="manageUsersTextValidationTest" class="com.obsqura.testScripts.HomePageTest"/>
        <method signature="ManageSliderTest.verfyTitleTest()[pri:0, instance:com.obsqura.testScripts.ManageSliderTest@64bce832]" name="verfyTitleTest" class="com.obsqura.testScripts.ManageSliderTest"/>
        <method signature="MobileSliderTest.verifySlideInformationEntry()[pri:0, instance:com.obsqura.testScripts.MobileSliderTest@39de3d36]" name="verifySlideInformationEntry" class="com.obsqura.testScripts.MobileSliderTest"/>
        <method signature="MobileSliderTest.verifyStatus()[pri:0, instance:com.obsqura.testScripts.MobileSliderTest@39de3d36]" name="verifyStatus" class="com.obsqura.testScripts.MobileSliderTest"/>
      </group> <!-- RegressionTest -->
    </groups>
    <test started-at="2023-02-01T12:14:52 IST" name="Test" finished-at="2023-02-01T12:17:59 IST" duration-ms="186913">
      <class name="com.obsqura.testScripts.ManageDeliveryBoyTest">
        <test-method is-config="true" signature="InitializeBrowser(java.lang.String)[pri:0, instance:com.obsqura.testScripts.ManageDeliveryBoyTest@5a755cc1]" started-at="2023-02-01T12:16:28 IST" name="InitializeBrowser" finished-at="2023-02-01T12:16:30 IST" duration-ms="2568" status="PASS">
          <params>
            <param index="0">
              <value>
                <![CDATA[chrome]]>
              </value>
            </param>
          </params>
          <reporter-output>
          </reporter-output>
        </test-method> <!-- InitializeBrowser -->
        <test-method signature="VerifyCreateNewDeliveryBoy(java.lang.String,java.lang.String,java.lang.String)[pri:0, instance:com.obsqura.testScripts.ManageDeliveryBoyTest@5a755cc1]" started-at="2023-02-01T12:16:30 IST" name="VerifyCreateNewDeliveryBoy" data-provider="NewDeliveryBoyRecord" finished-at="2023-02-01T12:16:33 IST" duration-ms="2690" status="PASS">
          <params>
            <param index="0">
              <value>
                <![CDATA[John Samuel]]>
              </value>
            </param>
            <param index="1">
              <value>
                <![CDATA[john123@gmail.com]]>
              </value>
            </param>
            <param index="2">
              <value>
                <![CDATA[556485226]]>
              </value>
            </param>
          </params>
          <reporter-output>
          </reporter-output>
        </test-method> <!-- VerifyCreateNewDeliveryBoy -->
        <test-method is-config="true" signature="browserQuit(org.testng.ITestResult)[pri:0, instance:com.obsqura.testScripts.ManageDeliveryBoyTest@5a755cc1]" started-at="2023-02-01T12:16:33 IST" name="browserQuit" finished-at="2023-02-01T12:16:33 IST" duration-ms="141" status="PASS">
          <params>
            <param index="0">
              <value>
                <![CDATA[[TestResult name=VerifyCreateNewDeliveryBoy status=SUCCESS method=ManageDeliveryBoyTest.VerifyCreateNewDeliveryBoy(java.lang.String,java.lang.String,java.lang.String)[pri:0, instance:com.obsqura.testScripts.ManageDeliveryBoyTest@5a755cc1] output={null}]]]>
              </value>
            </param>
          </params>
          <reporter-output>
          </reporter-output>
        </test-method> <!-- browserQuit -->
        <test-method is-config="true" signature="InitializeBrowser(java.lang.String)[pri:0, instance:com.obsqura.testScripts.ManageDeliveryBoyTest@5a755cc1]" started-at="2023-02-01T12:16:33 IST" name="InitializeBrowser" finished-at="2023-02-01T12:16:35 IST" duration-ms="2274" status="PASS">
          <params>
            <param index="0">
              <value>
                <![CDATA[chrome]]>
              </value>
            </param>
          </params>
          <reporter-output>
          </reporter-output>
        </test-method> <!-- InitializeBrowser -->
        <test-method signature="VerifyCreateNewDeliveryBoy(java.lang.String,java.lang.String,java.lang.String)[pri:0, instance:com.obsqura.testScripts.ManageDeliveryBoyTest@5a755cc1]" started-at="2023-02-01T12:16:35 IST" name="VerifyCreateNewDeliveryBoy" data-provider="NewDeliveryBoyRecord" finished-at="2023-02-01T12:16:38 IST" duration-ms="2515" status="PASS">
          <params>
            <param index="0">
              <value>
                <![CDATA[John ]]>
              </value>
            </param>
            <param index="1">
              <value>
                <![CDATA[jo123@gmail.com]]>
              </value>
            </param>
            <param index="2">
              <value>
                <![CDATA[556485226]]>
              </value>
            </param>
          </params>
          <reporter-output>
          </reporter-output>
        </test-method> <!-- VerifyCreateNewDeliveryBoy -->
        <test-method is-config="true" signature="browserQuit(org.testng.ITestResult)[pri:0, instance:com.obsqura.testScripts.ManageDeliveryBoyTest@5a755cc1]" started-at="2023-02-01T12:16:38 IST" name="browserQuit" finished-at="2023-02-01T12:16:38 IST" duration-ms="159" status="PASS">
          <params>
            <param index="0">
              <value>
                <![CDATA[[TestResult name=VerifyCreateNewDeliveryBoy status=SUCCESS method=ManageDeliveryBoyTest.VerifyCreateNewDeliveryBoy(java.lang.String,java.lang.String,java.lang.String)[pri:0, instance:com.obsqura.testScripts.ManageDeliveryBoyTest@5a755cc1] output={null}]]]>
              </value>
            </param>
          </params>
          <reporter-output>
          </reporter-output>
        </test-method> <!-- browserQuit -->
        <test-method is-config="true" signature="InitializeBrowser(java.lang.String)[pri:0, instance:com.obsqura.testScripts.ManageDeliveryBoyTest@5a755cc1]" started-at="2023-02-01T12:16:38 IST" name="InitializeBrowser" finished-at="2023-02-01T12:16:40 IST" duration-ms="2245" status="PASS">
          <params>
            <param index="0">
              <value>
                <![CDATA[chrome]]>
              </value>
            </param>
          </params>
          <reporter-output>
          </reporter-output>
        </test-method> <!-- InitializeBrowser -->
        <test-method signature="VerifyCreateNewDeliveryBoy(java.lang.String,java.lang.String,java.lang.String)[pri:0, instance:com.obsqura.testScripts.ManageDeliveryBoyTest@5a755cc1]" started-at="2023-02-01T12:16:40 IST" name="VerifyCreateNewDeliveryBoy" data-provider="NewDeliveryBoyRecord" finished-at="2023-02-01T12:16:43 IST" duration-ms="2498" status="PASS">
          <params>
            <param index="0">
              <value>
                <![CDATA[Samuel]]>
              </value>
            </param>
            <param index="1">
              <value>
                <![CDATA[Samuel@gmail.com]]>
              </value>
            </param>
            <param index="2">
              <value>
                <![CDATA[556485226]]>
              </value>
            </param>
          </params>
          <reporter-output>
          </reporter-output>
        </test-method> <!-- VerifyCreateNewDeliveryBoy -->
        <test-method is-config="true" signature="browserQuit(org.testng.ITestResult)[pri:0, instance:com.obsqura.testScripts.ManageDeliveryBoyTest@5a755cc1]" started-at="2023-02-01T12:16:43 IST" name="browserQuit" finished-at="2023-02-01T12:16:43 IST" duration-ms="179" status="PASS">
          <params>
            <param index="0">
              <value>
                <![CDATA[[TestResult name=VerifyCreateNewDeliveryBoy status=SUCCESS method=ManageDeliveryBoyTest.VerifyCreateNewDeliveryBoy(java.lang.String,java.lang.String,java.lang.String)[pri:0, instance:com.obsqura.testScripts.ManageDeliveryBoyTest@5a755cc1] output={null}]]]>
              </value>
            </param>
          </params>
          <reporter-output>
          </reporter-output>
        </test-method> <!-- browserQuit -->
        <test-method is-config="true" signature="InitializeBrowser(java.lang.String)[pri:0, instance:com.obsqura.testScripts.ManageDeliveryBoyTest@5a755cc1]" started-at="2023-02-01T12:16:43 IST" name="InitializeBrowser" finished-at="2023-02-01T12:16:45 IST" duration-ms="2293" status="PASS">
          <params>
            <param index="0">
              <value>
                <![CDATA[chrome]]>
              </value>
            </param>
          </params>
          <reporter-output>
          </reporter-output>
        </test-method> <!-- InitializeBrowser -->
        <test-method signature="verifyAddDeliveryBoyTest()[pri:0, instance:com.obsqura.testScripts.ManageDeliveryBoyTest@5a755cc1]" started-at="2023-02-01T12:16:45 IST" name="verifyAddDeliveryBoyTest" finished-at="2023-02-01T12:16:46 IST" duration-ms="1334" status="PASS">
          <reporter-output>
          </reporter-output>
        </test-method> <!-- verifyAddDeliveryBoyTest -->
        <test-method is-config="true" signature="browserQuit(org.testng.ITestResult)[pri:0, instance:com.obsqura.testScripts.ManageDeliveryBoyTest@5a755cc1]" started-at="2023-02-01T12:16:46 IST" name="browserQuit" finished-at="2023-02-01T12:16:47 IST" duration-ms="179" status="PASS">
          <params>
            <param index="0">
              <value>
                <![CDATA[[TestResult name=verifyAddDeliveryBoyTest status=SUCCESS method=ManageDeliveryBoyTest.verifyAddDeliveryBoyTest()[pri:0, instance:com.obsqura.testScripts.ManageDeliveryBoyTest@5a755cc1] output={null}]]]>
              </value>
            </param>
          </params>
          <reporter-output>
          </reporter-output>
        </test-method> <!-- browserQuit -->
        <test-method is-config="true" signature="InitializeBrowser(java.lang.String)[pri:0, instance:com.obsqura.testScripts.ManageDeliveryBoyTest@5a755cc1]" started-at="2023-02-01T12:16:47 IST" name="InitializeBrowser" finished-at="2023-02-01T12:16:49 IST" duration-ms="2115" status="PASS">
          <params>
            <param index="0">
              <value>
                <![CDATA[chrome]]>
              </value>
            </param>
          </params>
          <reporter-output>
          </reporter-output>
        </test-method> <!-- InitializeBrowser -->
        <test-method signature="verifyDeliveryboyPsw()[pri:0, instance:com.obsqura.testScripts.ManageDeliveryBoyTest@5a755cc1]" started-at="2023-02-01T12:16:49 IST" name="verifyDeliveryboyPsw" finished-at="2023-02-01T12:16:52 IST" duration-ms="3112" status="PASS">
          <reporter-output>
          </reporter-output>
        </test-method> <!-- verifyDeliveryboyPsw -->
        <test-method is-config="true" signature="browserQuit(org.testng.ITestResult)[pri:0, instance:com.obsqura.testScripts.ManageDeliveryBoyTest@5a755cc1]" started-at="2023-02-01T12:16:52 IST" name="browserQuit" finished-at="2023-02-01T12:16:52 IST" duration-ms="196" status="PASS">
          <params>
            <param index="0">
              <value>
                <![CDATA[[TestResult name=verifyDeliveryboyPsw status=SUCCESS method=ManageDeliveryBoyTest.verifyDeliveryboyPsw()[pri:0, instance:com.obsqura.testScripts.ManageDeliveryBoyTest@5a755cc1] output={null}]]]>
              </value>
            </param>
          </params>
          <reporter-output>
          </reporter-output>
        </test-method> <!-- browserQuit -->
        <test-method is-config="true" signature="InitializeBrowser(java.lang.String)[pri:0, instance:com.obsqura.testScripts.ManageDeliveryBoyTest@5a755cc1]" started-at="2023-02-01T12:16:52 IST" name="InitializeBrowser" finished-at="2023-02-01T12:16:54 IST" duration-ms="2254" status="PASS">
          <params>
            <param index="0">
              <value>
                <![CDATA[chrome]]>
              </value>
            </param>
          </params>
          <reporter-output>
          </reporter-output>
        </test-method> <!-- InitializeBrowser -->
        <test-method signature="verifyDeliveryboynameSearch()[pri:0, instance:com.obsqura.testScripts.ManageDeliveryBoyTest@5a755cc1]" started-at="2023-02-01T12:16:54 IST" name="verifyDeliveryboynameSearch" finished-at="2023-02-01T12:16:56 IST" duration-ms="1729" status="PASS">
          <reporter-output>
          </reporter-output>
        </test-method> <!-- verifyDeliveryboynameSearch -->
        <test-method is-config="true" signature="browserQuit(org.testng.ITestResult)[pri:0, instance:com.obsqura.testScripts.ManageDeliveryBoyTest@5a755cc1]" started-at="2023-02-01T12:16:56 IST" name="browserQuit" finished-at="2023-02-01T12:16:56 IST" duration-ms="180" status="PASS">
          <params>
            <param index="0">
              <value>
                <![CDATA[[TestResult name=verifyDeliveryboynameSearch status=SUCCESS method=ManageDeliveryBoyTest.verifyDeliveryboynameSearch()[pri:0, instance:com.obsqura.testScripts.ManageDeliveryBoyTest@5a755cc1] output={null}]]]>
              </value>
            </param>
          </params>
          <reporter-output>
          </reporter-output>
        </test-method> <!-- browserQuit -->
      </class> <!-- com.obsqura.testScripts.ManageDeliveryBoyTest -->
      <class name="com.obsqura.testScripts.ManageUserTest">
        <test-method is-config="true" signature="InitializeBrowser(java.lang.String)[pri:0, instance:com.obsqura.testScripts.ManageUserTest@6ce86ce1]" started-at="2023-02-01T12:15:15 IST" name="InitializeBrowser" finished-at="2023-02-01T12:15:17 IST" duration-ms="2249" status="PASS">
          <params>
            <param index="0">
              <value>
                <![CDATA[chrome]]>
              </value>
            </param>
          </params>
          <reporter-output>
          </reporter-output>
        </test-method> <!-- InitializeBrowser -->
        <test-method signature="verifyManageUserPswTest()[pri:0, instance:com.obsqura.testScripts.ManageUserTest@6ce86ce1]" started-at="2023-02-01T12:15:17 IST" name="verifyManageUserPswTest" finished-at="2023-02-01T12:15:19 IST" duration-ms="1707" status="PASS">
          <reporter-output>
          </reporter-output>
        </test-method> <!-- verifyManageUserPswTest -->
        <test-method is-config="true" signature="browserQuit(org.testng.ITestResult)[pri:0, instance:com.obsqura.testScripts.ManageUserTest@6ce86ce1]" started-at="2023-02-01T12:15:19 IST" name="browserQuit" finished-at="2023-02-01T12:15:19 IST" duration-ms="170" status="PASS">
          <params>
            <param index="0">
              <value>
                <![CDATA[[TestResult name=verifyManageUserPswTest status=SUCCESS method=ManageUserTest.verifyManageUserPswTest()[pri:0, instance:com.obsqura.testScripts.ManageUserTest@6ce86ce1] output={null}]]]>
              </value>
            </param>
          </params>
          <reporter-output>
          </reporter-output>
        </test-method> <!-- browserQuit -->
        <test-method is-config="true" signature="InitializeBrowser(java.lang.String)[pri:0, instance:com.obsqura.testScripts.ManageUserTest@6ce86ce1]" started-at="2023-02-01T12:15:19 IST" name="InitializeBrowser" finished-at="2023-02-01T12:15:22 IST" duration-ms="2372" status="PASS">
          <params>
            <param index="0">
              <value>
                <![CDATA[chrome]]>
              </value>
            </param>
          </params>
          <reporter-output>
          </reporter-output>
        </test-method> <!-- InitializeBrowser -->
        <test-method signature="verifyManageUserTest()[pri:0, instance:com.obsqura.testScripts.ManageUserTest@6ce86ce1]" started-at="2023-02-01T12:15:22 IST" name="verifyManageUserTest" finished-at="2023-02-01T12:15:23 IST" duration-ms="1385" status="PASS">
          <reporter-output>
          </reporter-output>
        </test-method> <!-- verifyManageUserTest -->
        <test-method is-config="true" signature="browserQuit(org.testng.ITestResult)[pri:0, instance:com.obsqura.testScripts.ManageUserTest@6ce86ce1]" started-at="2023-02-01T12:15:23 IST" name="browserQuit" finished-at="2023-02-01T12:15:23 IST" duration-ms="123" status="PASS">
          <params>
            <param index="0">
              <value>
                <![CDATA[[TestResult name=verifyManageUserTest status=SUCCESS method=ManageUserTest.verifyManageUserTest()[pri:0, instance:com.obsqura.testScripts.ManageUserTest@6ce86ce1] output={null}]]]>
              </value>
            </param>
          </params>
          <reporter-output>
          </reporter-output>
        </test-method> <!-- browserQuit -->
      </class> <!-- com.obsqura.testScripts.ManageUserTest -->
      <class name="com.obsqura.testScripts.ManageLocationTest">
        <test-method is-config="true" signature="InitializeBrowser(java.lang.String)[pri:0, instance:com.obsqura.testScripts.ManageLocationTest@4c1f22f3]" started-at="2023-02-01T12:16:11 IST" name="InitializeBrowser" finished-at="2023-02-01T12:16:13 IST" duration-ms="2229" status="PASS">
          <params>
            <param index="0">
              <value>
                <![CDATA[chrome]]>
              </value>
            </param>
          </params>
          <reporter-output>
          </reporter-output>
        </test-method> <!-- InitializeBrowser -->
        <test-method signature="ManageLocTest()[pri:0, instance:com.obsqura.testScripts.ManageLocationTest@4c1f22f3]" started-at="2023-02-01T12:16:13 IST" name="ManageLocTest" finished-at="2023-02-01T12:16:15 IST" duration-ms="2180" status="PASS">
          <reporter-output>
          </reporter-output>
        </test-method> <!-- ManageLocTest -->
        <test-method is-config="true" signature="browserQuit(org.testng.ITestResult)[pri:0, instance:com.obsqura.testScripts.ManageLocationTest@4c1f22f3]" started-at="2023-02-01T12:16:15 IST" name="browserQuit" finished-at="2023-02-01T12:16:15 IST" duration-ms="181" status="PASS">
          <params>
            <param index="0">
              <value>
                <![CDATA[[TestResult name=ManageLocTest status=SUCCESS method=ManageLocationTest.ManageLocTest()[pri:0, instance:com.obsqura.testScripts.ManageLocationTest@4c1f22f3] output={null}]]]>
              </value>
            </param>
          </params>
          <reporter-output>
          </reporter-output>
        </test-method> <!-- browserQuit -->
      </class> <!-- com.obsqura.testScripts.ManageLocationTest -->
      <class name="com.obsqura.testScripts.SettingsTest">
        <test-method is-config="true" signature="InitializeBrowser(java.lang.String)[pri:0, instance:com.obsqura.testScripts.SettingsTest@58326051]" started-at="2023-02-01T12:15:45 IST" name="InitializeBrowser" finished-at="2023-02-01T12:15:47 IST" duration-ms="2249" status="PASS">
          <params>
            <param index="0">
              <value>
                <![CDATA[chrome]]>
              </value>
            </param>
          </params>
          <reporter-output>
          </reporter-output>
        </test-method> <!-- InitializeBrowser -->
        <test-method signature="settingsLogout()[pri:0, instance:com.obsqura.testScripts.SettingsTest@58326051]" started-at="2023-02-01T12:15:47 IST" name="settingsLogout" finished-at="2023-02-01T12:15:49 IST" duration-ms="1388" status="PASS">
          <reporter-output>
          </reporter-output>
        </test-method> <!-- settingsLogout -->
        <test-method is-config="true" signature="browserQuit(org.testng.ITestResult)[pri:0, instance:com.obsqura.testScripts.SettingsTest@58326051]" started-at="2023-02-01T12:15:49 IST" name="browserQuit" finished-at="2023-02-01T12:15:49 IST" duration-ms="178" status="PASS">
          <params>
            <param index="0">
              <value>
                <![CDATA[[TestResult name=settingsLogout status=SUCCESS method=SettingsTest.settingsLogout()[pri:0, instance:com.obsqura.testScripts.SettingsTest@58326051] output={null}]]]>
              </value>
            </param>
          </params>
          <reporter-output>
          </reporter-output>
        </test-method> <!-- browserQuit -->
      </class> <!-- com.obsqura.testScripts.SettingsTest -->
      <class name="com.obsqura.testScripts.ManageProductTest">
        <test-method is-config="true" signature="InitializeBrowser(java.lang.String)[pri:0, instance:com.obsqura.testScripts.ManageProductTest@764faa6]" started-at="2023-02-01T12:16:07 IST" name="InitializeBrowser" finished-at="2023-02-01T12:16:09 IST" duration-ms="2234" status="PASS">
          <params>
            <param index="0">
              <value>
                <![CDATA[chrome]]>
              </value>
            </param>
          </params>
          <reporter-output>
          </reporter-output>
        </test-method> <!-- InitializeBrowser -->
        <test-method signature="ManageProductTestMethod()[pri:0, instance:com.obsqura.testScripts.ManageProductTest@764faa6]" started-at="2023-02-01T12:16:09 IST" name="ManageProductTestMethod" finished-at="2023-02-01T12:16:10 IST" duration-ms="952" status="PASS">
          <reporter-output>
          </reporter-output>
        </test-method> <!-- ManageProductTestMethod -->
        <test-method is-config="true" signature="browserQuit(org.testng.ITestResult)[pri:0, instance:com.obsqura.testScripts.ManageProductTest@764faa6]" started-at="2023-02-01T12:16:10 IST" name="browserQuit" finished-at="2023-02-01T12:16:11 IST" duration-ms="130" status="PASS">
          <params>
            <param index="0">
              <value>
                <![CDATA[[TestResult name=ManageProductTestMethod status=SUCCESS method=ManageProductTest.ManageProductTestMethod()[pri:0, instance:com.obsqura.testScripts.ManageProductTest@764faa6] output={null}]]]>
              </value>
            </param>
          </params>
          <reporter-output>
          </reporter-output>
        </test-method> <!-- browserQuit -->
      </class> <!-- com.obsqura.testScripts.ManageProductTest -->
      <class name="com.obsqura.testScripts.ManageExpenseTest">
        <test-method is-config="true" signature="InitializeBrowser(java.lang.String)[pri:0, instance:com.obsqura.testScripts.ManageExpenseTest@32c4e8b2]" started-at="2023-02-01T12:15:49 IST" name="InitializeBrowser" finished-at="2023-02-01T12:15:51 IST" duration-ms="2111" status="PASS">
          <params>
            <param index="0">
              <value>
                <![CDATA[chrome]]>
              </value>
            </param>
          </params>
          <reporter-output>
          </reporter-output>
        </test-method> <!-- InitializeBrowser -->
        <test-method signature="manageExpenseTestMethod()[pri:0, instance:com.obsqura.testScripts.ManageExpenseTest@32c4e8b2]" started-at="2023-02-01T12:15:51 IST" name="manageExpenseTestMethod" finished-at="2023-02-01T12:15:53 IST" duration-ms="1929" status="PASS">
          <reporter-output>
          </reporter-output>
        </test-method> <!-- manageExpenseTestMethod -->
        <test-method is-config="true" signature="browserQuit(org.testng.ITestResult)[pri:0, instance:com.obsqura.testScripts.ManageExpenseTest@32c4e8b2]" started-at="2023-02-01T12:15:53 IST" name="browserQuit" finished-at="2023-02-01T12:15:53 IST" duration-ms="174" status="PASS">
          <params>
            <param index="0">
              <value>
                <![CDATA[[TestResult name=manageExpenseTestMethod status=SUCCESS method=ManageExpenseTest.manageExpenseTestMethod()[pri:0, instance:com.obsqura.testScripts.ManageExpenseTest@32c4e8b2] output={null}]]]>
              </value>
            </param>
          </params>
          <reporter-output>
          </reporter-output>
        </test-method> <!-- browserQuit -->
        <test-method is-config="true" signature="InitializeBrowser(java.lang.String)[pri:0, instance:com.obsqura.testScripts.ManageExpenseTest@32c4e8b2]" started-at="2023-02-01T12:15:53 IST" name="InitializeBrowser" finished-at="2023-02-01T12:15:55 IST" duration-ms="2200" status="PASS">
          <params>
            <param index="0">
              <value>
                <![CDATA[chrome]]>
              </value>
            </param>
          </params>
          <reporter-output>
          </reporter-output>
        </test-method> <!-- InitializeBrowser -->
        <test-method signature="manageExpenseTestNew()[pri:0, instance:com.obsqura.testScripts.ManageExpenseTest@32c4e8b2]" started-at="2023-02-01T12:15:55 IST" name="manageExpenseTestNew" finished-at="2023-02-01T12:15:57 IST" duration-ms="2288" status="PASS">
          <reporter-output>
          </reporter-output>
        </test-method> <!-- manageExpenseTestNew -->
        <test-method is-config="true" signature="browserQuit(org.testng.ITestResult)[pri:0, instance:com.obsqura.testScripts.ManageExpenseTest@32c4e8b2]" started-at="2023-02-01T12:15:57 IST" name="browserQuit" finished-at="2023-02-01T12:15:58 IST" duration-ms="211" status="PASS">
          <params>
            <param index="0">
              <value>
                <![CDATA[[TestResult name=manageExpenseTestNew status=SUCCESS method=ManageExpenseTest.manageExpenseTestNew()[pri:0, instance:com.obsqura.testScripts.ManageExpenseTest@32c4e8b2] output={null}]]]>
              </value>
            </param>
          </params>
          <reporter-output>
          </reporter-output>
        </test-method> <!-- browserQuit -->
      </class> <!-- com.obsqura.testScripts.ManageExpenseTest -->
      <class name="com.obsqura.testScripts.ManageSliderTest">
        <test-method is-config="true" signature="InitializeBrowser(java.lang.String)[pri:0, instance:com.obsqura.testScripts.ManageSliderTest@64bce832]" started-at="2023-02-01T12:15:58 IST" name="InitializeBrowser" finished-at="2023-02-01T12:16:00 IST" duration-ms="2490" status="PASS">
          <params>
            <param index="0">
              <value>
                <![CDATA[chrome]]>
              </value>
            </param>
          </params>
          <reporter-output>
          </reporter-output>
        </test-method> <!-- InitializeBrowser -->
        <test-method signature="addNewSliderTest()[pri:0, instance:com.obsqura.testScripts.ManageSliderTest@64bce832]" started-at="2023-02-01T12:16:00 IST" name="addNewSliderTest" finished-at="2023-02-01T12:16:03 IST" duration-ms="3034" status="PASS">
          <reporter-output>
          </reporter-output>
        </test-method> <!-- addNewSliderTest -->
        <test-method is-config="true" signature="browserQuit(org.testng.ITestResult)[pri:0, instance:com.obsqura.testScripts.ManageSliderTest@64bce832]" started-at="2023-02-01T12:16:03 IST" name="browserQuit" finished-at="2023-02-01T12:16:03 IST" duration-ms="169" status="PASS">
          <params>
            <param index="0">
              <value>
                <![CDATA[[TestResult name=addNewSliderTest status=SUCCESS method=ManageSliderTest.addNewSliderTest()[pri:0, instance:com.obsqura.testScripts.ManageSliderTest@64bce832] output={null}]]]>
              </value>
            </param>
          </params>
          <reporter-output>
          </reporter-output>
        </test-method> <!-- browserQuit -->
        <test-method is-config="true" signature="InitializeBrowser(java.lang.String)[pri:0, instance:com.obsqura.testScripts.ManageSliderTest@64bce832]" started-at="2023-02-01T12:16:03 IST" name="InitializeBrowser" finished-at="2023-02-01T12:16:05 IST" duration-ms="2063" status="PASS">
          <params>
            <param index="0">
              <value>
                <![CDATA[chrome]]>
              </value>
            </param>
          </params>
          <reporter-output>
          </reporter-output>
        </test-method> <!-- InitializeBrowser -->
        <test-method signature="verfyTitleTest()[pri:0, instance:com.obsqura.testScripts.ManageSliderTest@64bce832]" started-at="2023-02-01T12:16:05 IST" name="verfyTitleTest" finished-at="2023-02-01T12:16:07 IST" duration-ms="1592" status="PASS">
          <reporter-output>
          </reporter-output>
        </test-method> <!-- verfyTitleTest -->
        <test-method is-config="true" signature="browserQuit(org.testng.ITestResult)[pri:0, instance:com.obsqura.testScripts.ManageSliderTest@64bce832]" started-at="2023-02-01T12:16:07 IST" name="browserQuit" finished-at="2023-02-01T12:16:07 IST" duration-ms="183" status="PASS">
          <params>
            <param index="0">
              <value>
                <![CDATA[[TestResult name=verfyTitleTest status=SUCCESS method=ManageSliderTest.verfyTitleTest()[pri:0, instance:com.obsqura.testScripts.ManageSliderTest@64bce832] output={null}]]]>
              </value>
            </param>
          </params>
          <reporter-output>
          </reporter-output>
        </test-method> <!-- browserQuit -->
      </class> <!-- com.obsqura.testScripts.ManageSliderTest -->
      <class name="com.obsqura.testScripts.PushNotificationTest">
        <test-method is-config="true" signature="InitializeBrowser(java.lang.String)[pri:0, instance:com.obsqura.testScripts.PushNotificationTest@598bd2ba]" started-at="2023-02-01T12:16:15 IST" name="InitializeBrowser" finished-at="2023-02-01T12:16:17 IST" duration-ms="2224" status="PASS">
          <params>
            <param index="0">
              <value>
                <![CDATA[chrome]]>
              </value>
            </param>
          </params>
          <reporter-output>
          </reporter-output>
        </test-method> <!-- InitializeBrowser -->
        <test-method signature="pushNotificationLogoutTest()[pri:0, instance:com.obsqura.testScripts.PushNotificationTest@598bd2ba]" started-at="2023-02-01T12:16:17 IST" name="pushNotificationLogoutTest" finished-at="2023-02-01T12:16:18 IST" duration-ms="1135" status="PASS">
          <reporter-output>
          </reporter-output>
        </test-method> <!-- pushNotificationLogoutTest -->
        <test-method is-config="true" signature="browserQuit(org.testng.ITestResult)[pri:0, instance:com.obsqura.testScripts.PushNotificationTest@598bd2ba]" started-at="2023-02-01T12:16:18 IST" name="browserQuit" finished-at="2023-02-01T12:16:19 IST" duration-ms="180" status="PASS">
          <params>
            <param index="0">
              <value>
                <![CDATA[[TestResult name=pushNotificationLogoutTest status=SUCCESS method=PushNotificationTest.pushNotificationLogoutTest()[pri:0, instance:com.obsqura.testScripts.PushNotificationTest@598bd2ba] output={null}]]]>
              </value>
            </param>
          </params>
          <reporter-output>
          </reporter-output>
        </test-method> <!-- browserQuit -->
        <test-method is-config="true" signature="InitializeBrowser(java.lang.String)[pri:0, instance:com.obsqura.testScripts.PushNotificationTest@598bd2ba]" started-at="2023-02-01T12:16:19 IST" name="InitializeBrowser" finished-at="2023-02-01T12:16:21 IST" duration-ms="2323" status="PASS">
          <params>
            <param index="0">
              <value>
                <![CDATA[chrome]]>
              </value>
            </param>
          </params>
          <reporter-output>
          </reporter-output>
        </test-method> <!-- InitializeBrowser -->
        <test-method signature="pushNotificationResetTest()[pri:0, instance:com.obsqura.testScripts.PushNotificationTest@598bd2ba]" started-at="2023-02-01T12:16:21 IST" name="pushNotificationResetTest" finished-at="2023-02-01T12:16:23 IST" duration-ms="1632" status="PASS">
          <reporter-output>
          </reporter-output>
        </test-method> <!-- pushNotificationResetTest -->
        <test-method is-config="true" signature="browserQuit(org.testng.ITestResult)[pri:0, instance:com.obsqura.testScripts.PushNotificationTest@598bd2ba]" started-at="2023-02-01T12:16:23 IST" name="browserQuit" finished-at="2023-02-01T12:16:23 IST" duration-ms="181" status="PASS">
          <params>
            <param index="0">
              <value>
                <![CDATA[[TestResult name=pushNotificationResetTest status=SUCCESS method=PushNotificationTest.pushNotificationResetTest()[pri:0, instance:com.obsqura.testScripts.PushNotificationTest@598bd2ba] output={null}]]]>
              </value>
            </param>
          </params>
          <reporter-output>
          </reporter-output>
        </test-method> <!-- browserQuit -->
        <test-method is-config="true" signature="InitializeBrowser(java.lang.String)[pri:0, instance:com.obsqura.testScripts.PushNotificationTest@598bd2ba]" started-at="2023-02-01T12:16:23 IST" name="InitializeBrowser" finished-at="2023-02-01T12:16:25 IST" duration-ms="2425" status="PASS">
          <params>
            <param index="0">
              <value>
                <![CDATA[chrome]]>
              </value>
            </param>
          </params>
          <reporter-output>
          </reporter-output>
        </test-method> <!-- InitializeBrowser -->
        <test-method signature="pushNotificationTest()[pri:0, instance:com.obsqura.testScripts.PushNotificationTest@598bd2ba]" started-at="2023-02-01T12:16:25 IST" name="pushNotificationTest" finished-at="2023-02-01T12:16:27 IST" duration-ms="2094" status="PASS">
          <reporter-output>
          </reporter-output>
        </test-method> <!-- pushNotificationTest -->
        <test-method is-config="true" signature="browserQuit(org.testng.ITestResult)[pri:0, instance:com.obsqura.testScripts.PushNotificationTest@598bd2ba]" started-at="2023-02-01T12:16:27 IST" name="browserQuit" finished-at="2023-02-01T12:16:28 IST" duration-ms="181" status="PASS">
          <params>
            <param index="0">
              <value>
                <![CDATA[[TestResult name=pushNotificationTest status=SUCCESS method=PushNotificationTest.pushNotificationTest()[pri:0, instance:com.obsqura.testScripts.PushNotificationTest@598bd2ba] output={null}]]]>
              </value>
            </param>
          </params>
          <reporter-output>
          </reporter-output>
        </test-method> <!-- browserQuit -->
      </class> <!-- com.obsqura.testScripts.PushNotificationTest -->
      <class name="com.obsqura.testScripts.HomePageTest">
        <test-method is-config="true" signature="InitializeBrowser(java.lang.String)[pri:0, instance:com.obsqura.testScripts.HomePageTest@77128536]" started-at="2023-02-01T12:15:23 IST" name="InitializeBrowser" finished-at="2023-02-01T12:15:26 IST" duration-ms="2321" status="PASS">
          <params>
            <param index="0">
              <value>
                <![CDATA[chrome]]>
              </value>
            </param>
          </params>
          <reporter-output>
          </reporter-output>
        </test-method> <!-- InitializeBrowser -->
        <test-method signature="clickManageLocationTest()[pri:0, instance:com.obsqura.testScripts.HomePageTest@77128536]" started-at="2023-02-01T12:15:26 IST" name="clickManageLocationTest" finished-at="2023-02-01T12:15:27 IST" duration-ms="1378" status="PASS">
          <reporter-output>
          </reporter-output>
        </test-method> <!-- clickManageLocationTest -->
        <test-method is-config="true" signature="browserQuit(org.testng.ITestResult)[pri:0, instance:com.obsqura.testScripts.HomePageTest@77128536]" started-at="2023-02-01T12:15:27 IST" name="browserQuit" finished-at="2023-02-01T12:15:27 IST" duration-ms="184" status="PASS">
          <params>
            <param index="0">
              <value>
                <![CDATA[[TestResult name=clickManageLocationTest status=SUCCESS method=HomePageTest.clickManageLocationTest()[pri:0, instance:com.obsqura.testScripts.HomePageTest@77128536] output={null}]]]>
              </value>
            </param>
          </params>
          <reporter-output>
          </reporter-output>
        </test-method> <!-- browserQuit -->
        <test-method is-config="true" signature="InitializeBrowser(java.lang.String)[pri:0, instance:com.obsqura.testScripts.HomePageTest@77128536]" started-at="2023-02-01T12:15:27 IST" name="InitializeBrowser" finished-at="2023-02-01T12:15:30 IST" duration-ms="2393" status="PASS">
          <params>
            <param index="0">
              <value>
                <![CDATA[chrome]]>
              </value>
            </param>
          </params>
          <reporter-output>
          </reporter-output>
        </test-method> <!-- InitializeBrowser -->
        <test-method signature="clickManageSlideTest()[pri:0, instance:com.obsqura.testScripts.HomePageTest@77128536]" started-at="2023-02-01T12:15:30 IST" name="clickManageSlideTest" finished-at="2023-02-01T12:15:31 IST" duration-ms="1555" status="PASS">
          <reporter-output>
          </reporter-output>
        </test-method> <!-- clickManageSlideTest -->
        <test-method is-config="true" signature="browserQuit(org.testng.ITestResult)[pri:0, instance:com.obsqura.testScripts.HomePageTest@77128536]" started-at="2023-02-01T12:15:31 IST" name="browserQuit" finished-at="2023-02-01T12:15:31 IST" duration-ms="144" status="PASS">
          <params>
            <param index="0">
              <value>
                <![CDATA[[TestResult name=clickManageSlideTest status=SUCCESS method=HomePageTest.clickManageSlideTest()[pri:0, instance:com.obsqura.testScripts.HomePageTest@77128536] output={null}]]]>
              </value>
            </param>
          </params>
          <reporter-output>
          </reporter-output>
        </test-method> <!-- browserQuit -->
        <test-method is-config="true" signature="InitializeBrowser(java.lang.String)[pri:0, instance:com.obsqura.testScripts.HomePageTest@77128536]" started-at="2023-02-01T12:15:31 IST" name="InitializeBrowser" finished-at="2023-02-01T12:15:33 IST" duration-ms="2224" status="PASS">
          <params>
            <param index="0">
              <value>
                <![CDATA[chrome]]>
              </value>
            </param>
          </params>
          <reporter-output>
          </reporter-output>
        </test-method> <!-- InitializeBrowser -->
        <test-method signature="clickManageUserTest()[pri:0, instance:com.obsqura.testScripts.HomePageTest@77128536]" started-at="2023-02-01T12:15:33 IST" name="clickManageUserTest" finished-at="2023-02-01T12:15:35 IST" duration-ms="1325" status="PASS">
          <reporter-output>
          </reporter-output>
        </test-method> <!-- clickManageUserTest -->
        <test-method is-config="true" signature="browserQuit(org.testng.ITestResult)[pri:0, instance:com.obsqura.testScripts.HomePageTest@77128536]" started-at="2023-02-01T12:15:35 IST" name="browserQuit" finished-at="2023-02-01T12:15:35 IST" duration-ms="189" status="PASS">
          <params>
            <param index="0">
              <value>
                <![CDATA[[TestResult name=clickManageUserTest status=SUCCESS method=HomePageTest.clickManageUserTest()[pri:0, instance:com.obsqura.testScripts.HomePageTest@77128536] output={null}]]]>
              </value>
            </param>
          </params>
          <reporter-output>
          </reporter-output>
        </test-method> <!-- browserQuit -->
        <test-method is-config="true" signature="InitializeBrowser(java.lang.String)[pri:0, instance:com.obsqura.testScripts.HomePageTest@77128536]" started-at="2023-02-01T12:15:35 IST" name="InitializeBrowser" finished-at="2023-02-01T12:15:37 IST" duration-ms="2248" status="PASS">
          <params>
            <param index="0">
              <value>
                <![CDATA[chrome]]>
              </value>
            </param>
          </params>
          <reporter-output>
          </reporter-output>
        </test-method> <!-- InitializeBrowser -->
        <test-method signature="manageExpenseTextValidationTest()[pri:1, instance:com.obsqura.testScripts.HomePageTest@77128536]" started-at="2023-02-01T12:15:37 IST" name="manageExpenseTextValidationTest" finished-at="2023-02-01T12:15:38 IST" duration-ms="814" status="PASS">
          <reporter-output>
          </reporter-output>
        </test-method> <!-- manageExpenseTextValidationTest -->
        <test-method is-config="true" signature="browserQuit(org.testng.ITestResult)[pri:0, instance:com.obsqura.testScripts.HomePageTest@77128536]" started-at="2023-02-01T12:15:38 IST" name="browserQuit" finished-at="2023-02-01T12:15:38 IST" duration-ms="215" status="PASS">
          <params>
            <param index="0">
              <value>
                <![CDATA[[TestResult name=manageExpenseTextValidationTest status=SUCCESS method=HomePageTest.manageExpenseTextValidationTest()[pri:1, instance:com.obsqura.testScripts.HomePageTest@77128536] output={null}]]]>
              </value>
            </param>
          </params>
          <reporter-output>
          </reporter-output>
        </test-method> <!-- browserQuit -->
        <test-method is-config="true" signature="InitializeBrowser(java.lang.String)[pri:0, instance:com.obsqura.testScripts.HomePageTest@77128536]" started-at="2023-02-01T12:15:38 IST" name="InitializeBrowser" finished-at="2023-02-01T12:15:40 IST" duration-ms="2165" status="PASS">
          <params>
            <param index="0">
              <value>
                <![CDATA[chrome]]>
              </value>
            </param>
          </params>
          <reporter-output>
          </reporter-output>
        </test-method> <!-- InitializeBrowser -->
        <test-method signature="homeBgColorValidationTest()[pri:2, instance:com.obsqura.testScripts.HomePageTest@77128536]" started-at="2023-02-01T12:15:40 IST" name="homeBgColorValidationTest" finished-at="2023-02-01T12:15:41 IST" duration-ms="838" status="PASS">
          <reporter-output>
          </reporter-output>
        </test-method> <!-- homeBgColorValidationTest -->
        <test-method is-config="true" signature="browserQuit(org.testng.ITestResult)[pri:0, instance:com.obsqura.testScripts.HomePageTest@77128536]" started-at="2023-02-01T12:15:41 IST" name="browserQuit" finished-at="2023-02-01T12:15:41 IST" duration-ms="203" status="PASS">
          <params>
            <param index="0">
              <value>
                <![CDATA[[TestResult name=homeBgColorValidationTest status=SUCCESS method=HomePageTest.homeBgColorValidationTest()[pri:2, instance:com.obsqura.testScripts.HomePageTest@77128536] output={null}]]]>
              </value>
            </param>
          </params>
          <reporter-output>
          </reporter-output>
        </test-method> <!-- browserQuit -->
        <test-method is-config="true" signature="InitializeBrowser(java.lang.String)[pri:0, instance:com.obsqura.testScripts.HomePageTest@77128536]" started-at="2023-02-01T12:15:41 IST" name="InitializeBrowser" finished-at="2023-02-01T12:15:44 IST" duration-ms="2503" status="PASS">
          <params>
            <param index="0">
              <value>
                <![CDATA[chrome]]>
              </value>
            </param>
          </params>
          <reporter-output>
          </reporter-output>
        </test-method> <!-- InitializeBrowser -->
        <test-method signature="manageUsersTextValidationTest()[pri:3, instance:com.obsqura.testScripts.HomePageTest@77128536]" started-at="2023-02-01T12:15:44 IST" name="manageUsersTextValidationTest" finished-at="2023-02-01T12:15:45 IST" duration-ms="840" status="PASS">
          <reporter-output>
          </reporter-output>
        </test-method> <!-- manageUsersTextValidationTest -->
        <test-method is-config="true" signature="browserQuit(org.testng.ITestResult)[pri:0, instance:com.obsqura.testScripts.HomePageTest@77128536]" started-at="2023-02-01T12:15:45 IST" name="browserQuit" finished-at="2023-02-01T12:15:45 IST" duration-ms="177" status="PASS">
          <params>
            <param index="0">
              <value>
                <![CDATA[[TestResult name=manageUsersTextValidationTest status=SUCCESS method=HomePageTest.manageUsersTextValidationTest()[pri:3, instance:com.obsqura.testScripts.HomePageTest@77128536] output={null}]]]>
              </value>
            </param>
          </params>
          <reporter-output>
          </reporter-output>
        </test-method> <!-- browserQuit -->
      </class> <!-- com.obsqura.testScripts.HomePageTest -->
      <class name="com.obsqura.testScripts.MobileSliderTest">
        <test-method is-config="true" signature="InitializeBrowser(java.lang.String)[pri:0, instance:com.obsqura.testScripts.MobileSliderTest@39de3d36]" started-at="2023-02-01T12:15:04 IST" name="InitializeBrowser" finished-at="2023-02-01T12:15:07 IST" duration-ms="2333" status="PASS">
          <params>
            <param index="0">
              <value>
                <![CDATA[chrome]]>
              </value>
            </param>
          </params>
          <reporter-output>
          </reporter-output>
        </test-method> <!-- InitializeBrowser -->
        <test-method signature="verifySlideInformationEntry()[pri:0, instance:com.obsqura.testScripts.MobileSliderTest@39de3d36]" started-at="2023-02-01T12:15:07 IST" name="verifySlideInformationEntry" finished-at="2023-02-01T12:15:11 IST" duration-ms="3792" status="PASS">
          <reporter-output>
          </reporter-output>
        </test-method> <!-- verifySlideInformationEntry -->
        <test-method is-config="true" signature="browserQuit(org.testng.ITestResult)[pri:0, instance:com.obsqura.testScripts.MobileSliderTest@39de3d36]" started-at="2023-02-01T12:15:11 IST" name="browserQuit" finished-at="2023-02-01T12:15:11 IST" duration-ms="182" status="PASS">
          <params>
            <param index="0">
              <value>
                <![CDATA[[TestResult name=verifySlideInformationEntry status=SUCCESS method=MobileSliderTest.verifySlideInformationEntry()[pri:0, instance:com.obsqura.testScripts.MobileSliderTest@39de3d36] output={null}]]]>
              </value>
            </param>
          </params>
          <reporter-output>
          </reporter-output>
        </test-method> <!-- browserQuit -->
        <test-method is-config="true" signature="InitializeBrowser(java.lang.String)[pri:0, instance:com.obsqura.testScripts.MobileSliderTest@39de3d36]" started-at="2023-02-01T12:15:11 IST" name="InitializeBrowser" finished-at="2023-02-01T12:15:13 IST" duration-ms="2290" status="PASS">
          <params>
            <param index="0">
              <value>
                <![CDATA[chrome]]>
              </value>
            </param>
          </params>
          <reporter-output>
          </reporter-output>
        </test-method> <!-- InitializeBrowser -->
        <test-method signature="verifyStatus()[pri:0, instance:com.obsqura.testScripts.MobileSliderTest@39de3d36]" started-at="2023-02-01T12:15:13 IST" name="verifyStatus" finished-at="2023-02-01T12:15:15 IST" duration-ms="2007" status="PASS">
          <reporter-output>
          </reporter-output>
        </test-method> <!-- verifyStatus -->
        <test-method is-config="true" signature="browserQuit(org.testng.ITestResult)[pri:0, instance:com.obsqura.testScripts.MobileSliderTest@39de3d36]" started-at="2023-02-01T12:15:15 IST" name="browserQuit" finished-at="2023-02-01T12:15:15 IST" duration-ms="179" status="PASS">
          <params>
            <param index="0">
              <value>
                <![CDATA[[TestResult name=verifyStatus status=SUCCESS method=MobileSliderTest.verifyStatus()[pri:0, instance:com.obsqura.testScripts.MobileSliderTest@39de3d36] output={null}]]]>
              </value>
            </param>
          </params>
          <reporter-output>
          </reporter-output>
        </test-method> <!-- browserQuit -->
      </class> <!-- com.obsqura.testScripts.MobileSliderTest -->
      <class name="com.obsqura.testScripts.ManageCategoryTest">
        <test-method is-config="true" signature="InitializeBrowser(java.lang.String)[pri:0, instance:com.obsqura.testScripts.ManageCategoryTest@7ae42ce3]" started-at="2023-02-01T12:16:56 IST" name="InitializeBrowser" finished-at="2023-02-01T12:16:58 IST" duration-ms="1997" status="PASS">
          <params>
            <param index="0">
              <value>
                <![CDATA[chrome]]>
              </value>
            </param>
          </params>
          <reporter-output>
          </reporter-output>
        </test-method> <!-- InitializeBrowser -->
        <test-method signature="verifySubCategorySearch()[pri:0, instance:com.obsqura.testScripts.ManageCategoryTest@7ae42ce3]" started-at="2023-02-01T12:16:58 IST" name="verifySubCategorySearch" finished-at="2023-02-01T12:17:00 IST" duration-ms="1807" status="PASS">
          <reporter-output>
          </reporter-output>
        </test-method> <!-- verifySubCategorySearch -->
        <test-method is-config="true" signature="browserQuit(org.testng.ITestResult)[pri:0, instance:com.obsqura.testScripts.ManageCategoryTest@7ae42ce3]" started-at="2023-02-01T12:17:00 IST" name="browserQuit" finished-at="2023-02-01T12:17:00 IST" duration-ms="176" status="PASS">
          <params>
            <param index="0">
              <value>
                <![CDATA[[TestResult name=verifySubCategorySearch status=SUCCESS method=ManageCategoryTest.verifySubCategorySearch()[pri:0, instance:com.obsqura.testScripts.ManageCategoryTest@7ae42ce3] output={null}]]]>
              </value>
            </param>
          </params>
          <reporter-output>
          </reporter-output>
        </test-method> <!-- browserQuit -->
        <test-method is-config="true" signature="InitializeBrowser(java.lang.String)[pri:0, instance:com.obsqura.testScripts.ManageCategoryTest@7ae42ce3]" started-at="2023-02-01T12:17:00 IST" name="InitializeBrowser" finished-at="2023-02-01T12:17:02 IST" duration-ms="2300" status="PASS">
          <params>
            <param index="0">
              <value>
                <![CDATA[chrome]]>
              </value>
            </param>
          </params>
          <reporter-output>
          </reporter-output>
        </test-method> <!-- InitializeBrowser -->
        <test-method signature="verifySubcategoryAdd()[pri:0, instance:com.obsqura.testScripts.ManageCategoryTest@7ae42ce3]" started-at="2023-02-01T12:17:02 IST" name="verifySubcategoryAdd" finished-at="2023-02-01T12:17:55 IST" duration-ms="52258" status="FAIL">
          <exception class="org.openqa.selenium.TimeoutException">
            <message>
              <![CDATA[Expected condition failed: waiting for visibility of Proxy element for: DefaultElementLocator 'By.xpath: //select[@id='un']//child::option[text()='Grocery & Staples']' (tried for 50 second(s) with 500 milliseconds interval)]]>
            </message>
            <full-stacktrace>
              <![CDATA[org.openqa.selenium.TimeoutException: Expected condition failed: waiting for visibility of Proxy element for: DefaultElementLocator 'By.xpath: //select[@id='un']//child::option[text()='Grocery & Staples']' (tried for 50 second(s) with 500 milliseconds interval)
at org.openqa.selenium.support.ui.WebDriverWait.timeoutException(WebDriverWait.java:87)
at org.openqa.selenium.support.ui.FluentWait.until(FluentWait.java:231)
at com.obsqura.utilities.WaitUtility.waitForElement(WaitUtility.java:22)
at com.obsqura.pages.ManageCategoryPage.newSubCategory(ManageCategoryPage.java:90)
at com.obsqura.testScripts.ManageCategoryTest.verifySubcategoryAdd(ManageCategoryTest.java:29)
at java.base/jdk.internal.reflect.NativeMethodAccessorImpl.invoke0(Native Method)
at java.base/jdk.internal.reflect.NativeMethodAccessorImpl.invoke(NativeMethodAccessorImpl.java:77)
at java.base/jdk.internal.reflect.DelegatingMethodAccessorImpl.invoke(DelegatingMethodAccessorImpl.java:43)
at java.base/java.lang.reflect.Method.invoke(Method.java:568)
at org.testng.internal.MethodInvocationHelper.invokeMethod(MethodInvocationHelper.java:133)
at org.testng.internal.TestInvoker.invokeMethod(TestInvoker.java:598)
at org.testng.internal.TestInvoker.invokeTestMethod(TestInvoker.java:173)
at org.testng.internal.MethodRunner.runInSequence(MethodRunner.java:46)
at org.testng.internal.TestInvoker$MethodInvocationAgent.invoke(TestInvoker.java:824)
at org.testng.internal.TestInvoker.invokeTestMethods(TestInvoker.java:146)
at org.testng.internal.TestMethodWorker.invokeTestMethods(TestMethodWorker.java:146)
at org.testng.internal.TestMethodWorker.run(TestMethodWorker.java:128)
at java.base/java.util.ArrayList.forEach(ArrayList.java:1511)
at org.testng.TestRunner.privateRun(TestRunner.java:794)
at org.testng.TestRunner.run(TestRunner.java:596)
at org.testng.SuiteRunner.runTest(SuiteRunner.java:377)
at org.testng.SuiteRunner.runSequentially(SuiteRunner.java:371)
at org.testng.SuiteRunner.privateRun(SuiteRunner.java:332)
at org.testng.SuiteRunner.run(SuiteRunner.java:276)
at org.testng.SuiteRunnerWorker.runSuite(SuiteRunnerWorker.java:53)
at org.testng.SuiteRunnerWorker.run(SuiteRunnerWorker.java:96)
at org.testng.TestNG.runSuitesSequentially(TestNG.java:1212)
at org.testng.TestNG.runSuitesLocally(TestNG.java:1134)
at org.testng.TestNG.runSuites(TestNG.java:1063)
at org.testng.TestNG.run(TestNG.java:1031)
at org.testng.remote.AbstractRemoteTestNG.run(AbstractRemoteTestNG.java:115)
at org.testng.remote.RemoteTestNG.initAndRun(RemoteTestNG.java:251)
at org.testng.remote.RemoteTestNG.main(RemoteTestNG.java:77)
Caused by: org.openqa.selenium.NoSuchElementException: no such element: Unable to locate element: {"method":"xpath","selector":"//select[@id='un']//child::option[text()='Grocery & Staples']"}
  (Session info: chrome=109.0.5414.120)
For documentation on this error, please visit: https://selenium.dev/exceptions/#no_such_element
Build info: version: '4.4.0', revision: 'e5c75ed026a'
System info: host: 'LAPTOP-4JQF6QAN', ip: '172.20.10.3', os.name: 'Windows 11', os.arch: 'amd64', os.version: '10.0', java.version: '17.0.2'
Driver info: org.openqa.selenium.chrome.ChromeDriver
Command: [37f9fc27738c6cfd29f50f0b896a2d70, findElement {using=xpath, value=//select[@id='un']//child::option[text()='Grocery & Staples']}]
Capabilities {acceptInsecureCerts: false, browserName: chrome, browserVersion: 109.0.5414.120, chrome: {chromedriverVersion: 109.0.5414.74 (e7c5703604da..., userDataDir: C:\Users\Akhila\AppData\Loc...}, goog:chromeOptions: {debuggerAddress: localhost:57034}, networkConnectionEnabled: false, pageLoadStrategy: normal, platformName: WINDOWS, proxy: Proxy(), se:cdp: ws://localhost:57034/devtoo..., se:cdpVersion: 109.0.5414.120, setWindowRect: true, strictFileInteractability: false, timeouts: {implicit: 0, pageLoad: 300000, script: 30000}, unhandledPromptBehavior: dismiss and notify, webauthn:extension:credBlob: true, webauthn:extension:largeBlob: true, webauthn:virtualAuthenticators: true}
Session ID: 37f9fc27738c6cfd29f50f0b896a2d70
at jdk.internal.reflect.GeneratedConstructorAccessor77.newInstance(Unknown Source)
at java.base/jdk.internal.reflect.DelegatingConstructorAccessorImpl.newInstance(DelegatingConstructorAccessorImpl.java:45)
at java.base/java.lang.reflect.Constructor.newInstanceWithCaller(Constructor.java:499)
at java.base/java.lang.reflect.Constructor.newInstance(Constructor.java:480)
at org.openqa.selenium.remote.codec.w3c.W3CHttpResponseCodec.createException(W3CHttpResponseCodec.java:200)
at org.openqa.selenium.remote.codec.w3c.W3CHttpResponseCodec.decode(W3CHttpResponseCodec.java:133)
at org.openqa.selenium.remote.codec.w3c.W3CHttpResponseCodec.decode(W3CHttpResponseCodec.java:53)
at org.openqa.selenium.remote.HttpCommandExecutor.execute(HttpCommandExecutor.java:184)
at org.openqa.selenium.remote.service.DriverCommandExecutor.invokeExecute(DriverCommandExecutor.java:167)
at org.openqa.selenium.remote.service.DriverCommandExecutor.execute(DriverCommandExecutor.java:142)
at org.openqa.selenium.remote.RemoteWebDriver.execute(RemoteWebDriver.java:547)
at org.openqa.selenium.remote.ElementLocation$ElementFinder$2.findElement(ElementLocation.java:162)
at org.openqa.selenium.remote.ElementLocation.findElement(ElementLocation.java:60)
at org.openqa.selenium.remote.RemoteWebDriver.findElement(RemoteWebDriver.java:365)
at org.openqa.selenium.remote.RemoteWebDriver.findElement(RemoteWebDriver.java:357)
at org.openqa.selenium.support.pagefactory.DefaultElementLocator.findElement(DefaultElementLocator.java:70)
at org.openqa.selenium.support.pagefactory.internal.LocatingElementHandler.invoke(LocatingElementHandler.java:39)
at jdk.proxy2/jdk.proxy2.$Proxy21.isDisplayed(Unknown Source)
at org.openqa.selenium.support.ui.ExpectedConditions.elementIfVisible(ExpectedConditions.java:307)
at org.openqa.selenium.support.ui.ExpectedConditions.access$000(ExpectedConditions.java:40)
at org.openqa.selenium.support.ui.ExpectedConditions$10.apply(ExpectedConditions.java:293)
at org.openqa.selenium.support.ui.ExpectedConditions$10.apply(ExpectedConditions.java:290)
at org.openqa.selenium.support.ui.FluentWait.until(FluentWait.java:208)
... 31 more
]]>
            </full-stacktrace>
          </exception> <!-- org.openqa.selenium.TimeoutException -->
          <reporter-output>
          </reporter-output>
        </test-method> <!-- verifySubcategoryAdd -->
        <test-method is-config="true" signature="browserQuit(org.testng.ITestResult)[pri:0, instance:com.obsqura.testScripts.ManageCategoryTest@7ae42ce3]" started-at="2023-02-01T12:17:55 IST" name="browserQuit" finished-at="2023-02-01T12:17:55 IST" duration-ms="622" status="PASS">
          <params>
            <param index="0">
              <value>
                <![CDATA[[TestResult name=verifySubcategoryAdd status=FAILURE method=ManageCategoryTest.verifySubcategoryAdd()[pri:0, instance:com.obsqura.testScripts.ManageCategoryTest@7ae42ce3] output={null}]]]>
              </value>
            </param>
          </params>
          <reporter-output>
          </reporter-output>
        </test-method> <!-- browserQuit -->
        <test-method is-config="true" signature="InitializeBrowser(java.lang.String)[pri:0, instance:com.obsqura.testScripts.ManageCategoryTest@7ae42ce3]" started-at="2023-02-01T12:17:55 IST" name="InitializeBrowser" finished-at="2023-02-01T12:17:57 IST" duration-ms="1925" status="PASS">
          <params>
            <param index="0">
              <value>
                <![CDATA[chrome]]>
              </value>
            </param>
          </params>
          <reporter-output>
          </reporter-output>
        </test-method> <!-- InitializeBrowser -->
        <test-method signature="verifyreset()[pri:0, instance:com.obsqura.testScripts.ManageCategoryTest@7ae42ce3]" started-at="2023-02-01T12:17:57 IST" name="verifyreset" finished-at="2023-02-01T12:17:59 IST" duration-ms="1612" status="PASS">
          <reporter-output>
          </reporter-output>
        </test-method> <!-- verifyreset -->
        <test-method is-config="true" signature="browserQuit(org.testng.ITestResult)[pri:0, instance:com.obsqura.testScripts.ManageCategoryTest@7ae42ce3]" started-at="2023-02-01T12:17:59 IST" name="browserQuit" finished-at="2023-02-01T12:17:59 IST" duration-ms="175" status="PASS">
          <params>
            <param index="0">
              <value>
                <![CDATA[[TestResult name=verifyreset status=SUCCESS method=ManageCategoryTest.verifyreset()[pri:0, instance:com.obsqura.testScripts.ManageCategoryTest@7ae42ce3] output={null}]]]>
              </value>
            </param>
          </params>
          <reporter-output>
          </reporter-output>
        </test-method> <!-- browserQuit -->
      </class> <!-- com.obsqura.testScripts.ManageCategoryTest -->
      <class name="com.obsqura.testScripts.LoginTest">
        <test-method is-config="true" signature="InitializeBrowser(java.lang.String)[pri:0, instance:com.obsqura.testScripts.LoginTest@3d9c13b5]" started-at="2023-02-01T12:14:52 IST" name="InitializeBrowser" finished-at="2023-02-01T12:14:59 IST" duration-ms="6430" status="PASS">
          <params>
            <param index="0">
              <value>
                <![CDATA[chrome]]>
              </value>
            </param>
          </params>
          <reporter-output>
          </reporter-output>
        </test-method> <!-- InitializeBrowser -->
        <test-method signature="invalidLogin()[pri:0, instance:com.obsqura.testScripts.LoginTest@3d9c13b5]" started-at="2023-02-01T12:14:59 IST" name="invalidLogin" finished-at="2023-02-01T12:15:00 IST" duration-ms="1248" status="PASS">
          <reporter-output>
          </reporter-output>
        </test-method> <!-- invalidLogin -->
        <test-method is-config="true" signature="browserQuit(org.testng.ITestResult)[pri:0, instance:com.obsqura.testScripts.LoginTest@3d9c13b5]" started-at="2023-02-01T12:15:00 IST" name="browserQuit" finished-at="2023-02-01T12:15:00 IST" duration-ms="174" status="PASS">
          <params>
            <param index="0">
              <value>
                <![CDATA[[TestResult name=invalidLogin status=SUCCESS method=LoginTest.invalidLogin()[pri:0, instance:com.obsqura.testScripts.LoginTest@3d9c13b5] output={null}]]]>
              </value>
            </param>
          </params>
          <reporter-output>
          </reporter-output>
        </test-method> <!-- browserQuit -->
        <test-method is-config="true" signature="InitializeBrowser(java.lang.String)[pri:0, instance:com.obsqura.testScripts.LoginTest@3d9c13b5]" started-at="2023-02-01T12:15:00 IST" name="InitializeBrowser" finished-at="2023-02-01T12:15:03 IST" duration-ms="2542" status="PASS">
          <params>
            <param index="0">
              <value>
                <![CDATA[chrome]]>
              </value>
            </param>
          </params>
          <reporter-output>
          </reporter-output>
        </test-method> <!-- InitializeBrowser -->
        <test-method signature="validLogin()[pri:0, instance:com.obsqura.testScripts.LoginTest@3d9c13b5]" started-at="2023-02-01T12:15:03 IST" name="validLogin" finished-at="2023-02-01T12:15:04 IST" duration-ms="1679" status="PASS">
          <reporter-output>
          </reporter-output>
        </test-method> <!-- validLogin -->
        <test-method is-config="true" signature="browserQuit(org.testng.ITestResult)[pri:0, instance:com.obsqura.testScripts.LoginTest@3d9c13b5]" started-at="2023-02-01T12:15:04 IST" name="browserQuit" finished-at="2023-02-01T12:15:04 IST" duration-ms="176" status="PASS">
          <params>
            <param index="0">
              <value>
                <![CDATA[[TestResult name=validLogin status=SUCCESS method=LoginTest.validLogin()[pri:0, instance:com.obsqura.testScripts.LoginTest@3d9c13b5] output={null}]]]>
              </value>
            </param>
          </params>
          <reporter-output>
          </reporter-output>
        </test-method> <!-- browserQuit -->
      </class> <!-- com.obsqura.testScripts.LoginTest -->
    </test> <!-- Test -->
  </suite> <!-- Suite -->
</testng-results>
